RUN	io.gatling.js.JsSimulation	jssimulation	1730584704964	 	3.12.0
USER	Get Authorized User	START	1730584705665
USER	Get Authorized User	START	1730584705682
USER	Get Authorized User	START	1730584705791
REQUEST		get user	1730584705681	1730584705813	OK	 
REQUEST		get user	1730584705611	1730584705808	OK	 
USER	Get Authorized User	END	1730584705836
USER	Get Authorized User	END	1730584705836
USER	Get Authorized User	START	1730584705879
REQUEST		get user	1730584705787	1730584705948	OK	 
USER	Get Authorized User	END	1730584705950
USER	Get Authorized User	START	1730584705990
REQUEST		get user	1730584705878	1730584706030	OK	 
USER	Get Authorized User	END	1730584706031
USER	Get Authorized User	START	1730584706084
REQUEST		get user	1730584705988	1730584706120	OK	 
USER	Get Authorized User	END	1730584706121
USER	Get Authorized User	START	1730584706191
REQUEST		get user	1730584706081	1730584706226	OK	 
USER	Get Authorized User	END	1730584706229
USER	Get Authorized User	START	1730584706281
REQUEST		get user	1730584706189	1730584706329	OK	 
USER	Get Authorized User	END	1730584706330
USER	Get Authorized User	START	1730584706393
REQUEST		get user	1730584706280	1730584706415	OK	 
USER	Get Authorized User	END	1730584706417
USER	Get Authorized User	START	1730584706484
REQUEST		get user	1730584706390	1730584706539	OK	 
USER	Get Authorized User	END	1730584706541
USER	Get Authorized User	START	1730584706592
REQUEST		get user	1730584706483	1730584706610	OK	 
USER	Get Authorized User	END	1730584706610
USER	Get Authorized User	START	1730584706686
REQUEST		get user	1730584706591	1730584706714	OK	 
USER	Get Authorized User	END	1730584706715
USER	Get Authorized User	START	1730584706792
REQUEST		get user	1730584706683	1730584706816	OK	 
USER	Get Authorized User	END	1730584706817
USER	Get Authorized User	START	1730584706888
REQUEST		get user	1730584706792	1730584706924	OK	 
USER	Get Authorized User	END	1730584706925
USER	Get Authorized User	START	1730584706980
REQUEST		get user	1730584706887	1730584707042	OK	 
USER	Get Authorized User	END	1730584707042
USER	Get Authorized User	START	1730584707088
REQUEST		get user	1730584706978	1730584707103	OK	 
USER	Get Authorized User	END	1730584707104
USER	Get Authorized User	START	1730584707183
REQUEST		get user	1730584707085	1730584707220	OK	 
USER	Get Authorized User	END	1730584707221
USER	Get Authorized User	START	1730584707292
REQUEST		get user	1730584707181	1730584707313	OK	 
USER	Get Authorized User	END	1730584707315
USER	Get Authorized User	START	1730584707383
REQUEST		get user	1730584707290	1730584707427	OK	 
USER	Get Authorized User	END	1730584707429
USER	Get Authorized User	START	1730584707492
REQUEST		get user	1730584707382	1730584707515	OK	 
USER	Get Authorized User	END	1730584707516
USER	Get Authorized User	START	1730584707586
REQUEST		get user	1730584707490	1730584707654	OK	 
USER	Get Authorized User	END	1730584707655
USER	Get Authorized User	START	1730584707676
REQUEST		get user	1730584707583	1730584707713	OK	 
USER	Get Authorized User	END	1730584707714
USER	Get Authorized User	START	1730584707786
REQUEST		get user	1730584707676	1730584707807	OK	 
USER	Get Authorized User	END	1730584707808
USER	Get Authorized User	START	1730584707880
REQUEST		get user	1730584707785	1730584707907	OK	 
USER	Get Authorized User	END	1730584707907
USER	Get Authorized User	START	1730584707986
REQUEST		get user	1730584707878	1730584708002	OK	 
USER	Get Authorized User	END	1730584708003
USER	Get Authorized User	START	1730584708079
REQUEST		get user	1730584707985	1730584708116	OK	 
USER	Get Authorized User	END	1730584708117
USER	Get Authorized User	START	1730584708187
REQUEST		get user	1730584708078	1730584708224	OK	 
USER	Get Authorized User	END	1730584708226
USER	Get Authorized User	START	1730584708280
REQUEST		get user	1730584708186	1730584708310	OK	 
USER	Get Authorized User	END	1730584708310
USER	Get Authorized User	START	1730584708387
REQUEST		get user	1730584708278	1730584708403	OK	 
USER	Get Authorized User	END	1730584708405
USER	Get Authorized User	START	1730584708480
REQUEST		get user	1730584708386	1730584708519	OK	 
USER	Get Authorized User	END	1730584708521
USER	Get Authorized User	START	1730584708588
REQUEST		get user	1730584708478	1730584708612	OK	 
USER	Get Authorized User	END	1730584708614
USER	Get Authorized User	START	1730584708681
REQUEST		get user	1730584708587	1730584708714	OK	 
USER	Get Authorized User	END	1730584708716
USER	Get Authorized User	START	1730584708773
REQUEST		get user	1730584708679	1730584708811	OK	 
USER	Get Authorized User	END	1730584708813
USER	Get Authorized User	START	1730584708880
REQUEST		get user	1730584708772	1730584708896	OK	 
USER	Get Authorized User	END	1730584708898
USER	Get Authorized User	START	1730584708987
REQUEST		get user	1730584708878	1730584709006	OK	 
USER	Get Authorized User	END	1730584709007
USER	Get Authorized User	START	1730584709081
REQUEST		get user	1730584708986	1730584709109	OK	 
USER	Get Authorized User	END	1730584709110
USER	Get Authorized User	START	1730584709174
REQUEST		get user	1730584709080	1730584709208	OK	 
USER	Get Authorized User	END	1730584709209
USER	Get Authorized User	START	1730584709283
REQUEST		get user	1730584709173	1730584709329	OK	 
USER	Get Authorized User	END	1730584709331
USER	Get Authorized User	START	1730584709375
REQUEST		get user	1730584709282	1730584709413	OK	 
USER	Get Authorized User	END	1730584709415
USER	Get Authorized User	START	1730584709481
REQUEST		get user	1730584709374	1730584709519	OK	 
USER	Get Authorized User	END	1730584709521
USER	Get Authorized User	START	1730584709575
REQUEST		get user	1730584709481	1730584709602	OK	 
USER	Get Authorized User	END	1730584709603
USER	Get Authorized User	START	1730584709682
REQUEST		get user	1730584709574	1730584709707	OK	 
USER	Get Authorized User	END	1730584709708
USER	Get Authorized User	START	1730584709775
REQUEST		get user	1730584709682	1730584709799	OK	 
USER	Get Authorized User	END	1730584709800
USER	Get Authorized User	START	1730584709880
REQUEST		get user	1730584709773	1730584709902	OK	 
USER	Get Authorized User	END	1730584709903
USER	Get Authorized User	START	1730584709973
REQUEST		get user	1730584709880	1730584710006	OK	 
USER	Get Authorized User	END	1730584710007
USER	Get Authorized User	START	1730584710083
REQUEST		get user	1730584709973	1730584710100	OK	 
USER	Get Authorized User	END	1730584710101
USER	Get Authorized User	START	1730584710176
REQUEST		get user	1730584710082	1730584710207	OK	 
USER	Get Authorized User	END	1730584710209
USER	Get Authorized User	START	1730584710285
REQUEST		get user	1730584710176	1730584710309	OK	 
USER	Get Authorized User	END	1730584710311
USER	Get Authorized User	START	1730584710378
REQUEST		get user	1730584710284	1730584710427	OK	 
USER	Get Authorized User	END	1730584710428
USER	Get Authorized User	START	1730584710484
REQUEST		get user	1730584710377	1730584710500	OK	 
USER	Get Authorized User	END	1730584710501
USER	Get Authorized User	START	1730584710576
REQUEST		get user	1730584710483	1730584710625	OK	 
USER	Get Authorized User	END	1730584710627
USER	Get Authorized User	START	1730584710684
REQUEST		get user	1730584710575	1730584710708	OK	 
USER	Get Authorized User	END	1730584710709
USER	Get Authorized User	START	1730584710779
REQUEST		get user	1730584710683	1730584710813	OK	 
USER	Get Authorized User	END	1730584710815
USER	Get Authorized User	START	1730584710887
REQUEST		get user	1730584710778	1730584710931	OK	 
USER	Get Authorized User	END	1730584710931
USER	Get Authorized User	START	1730584710979
REQUEST		get user	1730584710886	1730584711034	OK	 
USER	Get Authorized User	END	1730584711036
USER	Get Authorized User	START	1730584711074
REQUEST		get user	1730584710978	1730584711117	OK	 
USER	Get Authorized User	END	1730584711118
USER	Get Authorized User	START	1730584711183
REQUEST		get user	1730584711073	1730584711203	OK	 
USER	Get Authorized User	END	1730584711204
USER	Get Authorized User	START	1730584711277
REQUEST		get user	1730584711182	1730584711308	OK	 
USER	Get Authorized User	END	1730584711310
USER	Get Authorized User	START	1730584711385
REQUEST		get user	1730584711276	1730584711407	OK	 
USER	Get Authorized User	END	1730584711409
USER	Get Authorized User	START	1730584711476
REQUEST		get user	1730584711383	1730584711511	OK	 
USER	Get Authorized User	END	1730584711512
USER	Get Authorized User	START	1730584711585
REQUEST		get user	1730584711475	1730584711632	OK	 
USER	Get Authorized User	END	1730584711633
USER	Get Authorized User	START	1730584711676
REQUEST		get user	1730584711583	1730584711704	OK	 
USER	Get Authorized User	END	1730584711705
USER	Get Authorized User	START	1730584711786
REQUEST		get user	1730584711675	1730584711795	OK	 
USER	Get Authorized User	END	1730584711797
USER	Get Authorized User	START	1730584711878
REQUEST		get user	1730584711784	1730584711931	OK	 
USER	Get Authorized User	END	1730584711933
USER	Get Authorized User	START	1730584711988
REQUEST		get user	1730584711877	1730584712018	OK	 
USER	Get Authorized User	END	1730584712020
USER	Get Authorized User	START	1730584712079
REQUEST		get user	1730584711987	1730584712115	OK	 
USER	Get Authorized User	END	1730584712117
USER	Get Authorized User	START	1730584712188
REQUEST		get user	1730584712078	1730584712200	OK	 
USER	Get Authorized User	END	1730584712201
USER	Get Authorized User	START	1730584712282
REQUEST		get user	1730584712187	1730584712318	OK	 
USER	Get Authorized User	END	1730584712320
USER	Get Authorized User	START	1730584712391
REQUEST		get user	1730584712281	1730584712413	OK	 
USER	Get Authorized User	END	1730584712413
USER	Get Authorized User	START	1730584712482
REQUEST		get user	1730584712390	1730584712511	OK	 
USER	Get Authorized User	END	1730584712512
USER	Get Authorized User	START	1730584712578
REQUEST		get user	1730584712482	1730584712600	OK	 
USER	Get Authorized User	END	1730584712600
USER	Get Authorized User	START	1730584712684
REQUEST		get user	1730584712576	1730584712722	OK	 
USER	Get Authorized User	END	1730584712724
USER	Get Authorized User	START	1730584712778
REQUEST		get user	1730584712682	1730584712812	OK	 
USER	Get Authorized User	END	1730584712814
USER	Get Authorized User	START	1730584712888
REQUEST		get user	1730584712776	1730584712925	OK	 
USER	Get Authorized User	END	1730584712927
USER	Get Authorized User	START	1730584712981
REQUEST		get user	1730584712887	1730584713055	OK	 
USER	Get Authorized User	END	1730584713057
USER	Get Authorized User	START	1730584713088
REQUEST		get user	1730584712979	1730584713101	OK	 
USER	Get Authorized User	END	1730584713103
USER	Get Authorized User	START	1730584713181
REQUEST		get user	1730584713087	1730584713214	OK	 
USER	Get Authorized User	END	1730584713216
USER	Get Authorized User	START	1730584713288
REQUEST		get user	1730584713180	1730584713303	OK	 
USER	Get Authorized User	END	1730584713305
USER	Get Authorized User	START	1730584713381
REQUEST		get user	1730584713287	1730584713416	OK	 
USER	Get Authorized User	END	1730584713418
USER	Get Authorized User	START	1730584713488
REQUEST		get user	1730584713380	1730584713505	OK	 
USER	Get Authorized User	END	1730584713507
USER	Get Authorized User	START	1730584713581
REQUEST		get user	1730584713487	1730584713614	OK	 
USER	Get Authorized User	END	1730584713614
USER	Get Authorized User	START	1730584713688
REQUEST		get user	1730584713580	1730584713710	OK	 
USER	Get Authorized User	END	1730584713712
USER	Get Authorized User	START	1730584713779
REQUEST		get user	1730584713687	1730584713820	OK	 
USER	Get Authorized User	END	1730584713821
USER	Get Authorized User	START	1730584713886
REQUEST		get user	1730584713778	1730584713907	OK	 
USER	Get Authorized User	END	1730584713908
USER	Get Authorized User	START	1730584713980
REQUEST		get user	1730584713885	1730584714014	OK	 
USER	Get Authorized User	END	1730584714015
USER	Get Authorized User	START	1730584714089
REQUEST		get user	1730584713979	1730584714099	OK	 
USER	Get Authorized User	END	1730584714100
USER	Get Authorized User	START	1730584714180
REQUEST		get user	1730584714088	1730584714210	OK	 
USER	Get Authorized User	END	1730584714211
USER	Get Authorized User	START	1730584714275
REQUEST		get user	1730584714180	1730584714302	OK	 
USER	Get Authorized User	END	1730584714302
USER	Get Authorized User	START	1730584714384
REQUEST		get user	1730584714275	1730584714397	OK	 
USER	Get Authorized User	END	1730584714399
USER	Get Authorized User	START	1730584714478
REQUEST		get user	1730584714383	1730584714506	OK	 
USER	Get Authorized User	END	1730584714507
USER	Get Authorized User	START	1730584714586
REQUEST		get user	1730584714477	1730584714595	OK	 
USER	Get Authorized User	END	1730584714596
USER	Get Authorized User	START	1730584714679
REQUEST		get user	1730584714585	1730584714722	OK	 
USER	Get Authorized User	END	1730584714723
USER	Get Authorized User	START	1730584714786
REQUEST		get user	1730584714678	1730584714808	OK	 
USER	Get Authorized User	END	1730584714809
USER	Get Authorized User	START	1730584714878
REQUEST		get user	1730584714785	1730584714909	OK	 
USER	Get Authorized User	END	1730584714910
USER	Get Authorized User	START	1730584714985
REQUEST		get user	1730584714877	1730584714998	OK	 
USER	Get Authorized User	END	1730584714998
USER	Get Authorized User	START	1730584715079
REQUEST		get user	1730584714984	1730584715104	OK	 
USER	Get Authorized User	END	1730584715104
USER	Get Authorized User	START	1730584715186
REQUEST		get user	1730584715078	1730584715207	OK	 
USER	Get Authorized User	END	1730584715208
USER	Get Authorized User	START	1730584715276
REQUEST		get user	1730584715184	1730584715312	OK	 
USER	Get Authorized User	END	1730584715312
USER	Get Authorized User	START	1730584715386
REQUEST		get user	1730584715275	1730584715399	OK	 
USER	Get Authorized User	END	1730584715401
USER	Get Authorized User	START	1730584715479
REQUEST		get user	1730584715385	1730584715502	OK	 
USER	Get Authorized User	END	1730584715503
USER	Get Authorized User	START	1730584715574
REQUEST		get user	1730584715479	1730584715597	OK	 
USER	Get Authorized User	END	1730584715599
USER	Get Authorized User	START	1730584715680
REQUEST		get user	1730584715573	1730584715681	KO	status.find.in([200, 209], 304), found 429
USER	Get Authorized User	END	1730584715691
USER	Get Authorized User	START	1730584715788
REQUEST		get user	1730584715679	1730584715790	KO	status.find.in([200, 209], 304), found 429
USER	Get Authorized User	END	1730584715792
USER	Get Authorized User	START	1730584715881
REQUEST		get user	1730584715787	1730584715889	KO	status.find.in([200, 209], 304), found 429
USER	Get Authorized User	END	1730584715891
REQUEST		get user	1730584715880	1730584715976	KO	status.find.in([200, 209], 304), found 429
USER	Get Authorized User	END	1730584715978
USER	Get Authorized User	START	1730584715987
USER	Get Authorized User	START	1730584716080
REQUEST		get user	1730584715986	1730584716083	KO	status.find.in([200, 209], 304), found 429
USER	Get Authorized User	END	1730584716085
REQUEST		get user	1730584716079	1730584716186	KO	status.find.in([200, 209], 304), found 429
USER	Get Authorized User	END	1730584716188
USER	Get Authorized User	START	1730584716189
USER	Get Authorized User	START	1730584716282
REQUEST		get user	1730584716188	1730584716292	KO	status.find.in([200, 209], 304), found 429
USER	Get Authorized User	END	1730584716294
REQUEST		get user	1730584716281	1730584716383	KO	status.find.in([200, 209], 304), found 429
USER	Get Authorized User	END	1730584716383
USER	Get Authorized User	START	1730584716389
USER	Get Authorized User	START	1730584716483
REQUEST		get user	1730584716389	1730584716505	KO	status.find.in([200, 209], 304), found 429
USER	Get Authorized User	END	1730584716507
USER	Get Authorized User	START	1730584716576
REQUEST		get user	1730584716482	1730584716590	KO	status.find.in([200, 209], 304), found 429
USER	Get Authorized User	END	1730584716592
USER	Get Authorized User	START	1730584716683
REQUEST		get user	1730584716575	1730584716693	KO	status.find.in([200, 209], 304), found 429
USER	Get Authorized User	END	1730584716695
USER	Get Authorized User	START	1730584716776
REQUEST		get user	1730584716683	1730584716782	KO	status.find.in([200, 209], 304), found 429
USER	Get Authorized User	END	1730584716784
REQUEST		get user	1730584716775	1730584716872	KO	status.find.in([200, 209], 304), found 429
USER	Get Authorized User	END	1730584716873
USER	Get Authorized User	START	1730584716884
USER	Get Authorized User	START	1730584716978
REQUEST		get user	1730584716883	1730584716978	KO	status.find.in([200, 209], 304), found 429
USER	Get Authorized User	END	1730584716979
USER	Get Authorized User	START	1730584717088
REQUEST		get user	1730584716977	1730584717088	KO	status.find.in([200, 209], 304), found 429
USER	Get Authorized User	END	1730584717090
USER	Get Authorized User	START	1730584717179
REQUEST		get user	1730584717086	1730584717195	KO	status.find.in([200, 209], 304), found 429
USER	Get Authorized User	END	1730584717196
REQUEST		get user	1730584717179	1730584717277	KO	status.find.in([200, 209], 304), found 429
USER	Get Authorized User	END	1730584717279
USER	Get Authorized User	START	1730584717288
USER	Get Authorized User	START	1730584717382
REQUEST		get user	1730584717288	1730584717387	KO	status.find.in([200, 209], 304), found 429
USER	Get Authorized User	END	1730584717387
USER	Get Authorized User	START	1730584717476
REQUEST		get user	1730584717381	1730584717482	KO	status.find.in([200, 209], 304), found 429
USER	Get Authorized User	END	1730584717484
REQUEST		get user	1730584717475	1730584717583	KO	status.find.in([200, 209], 304), found 429
USER	Get Authorized User	START	1730584717584
USER	Get Authorized User	END	1730584717585
USER	Get Authorized User	START	1730584717675
REQUEST		get user	1730584717583	1730584717692	KO	status.find.in([200, 209], 304), found 429
USER	Get Authorized User	END	1730584717692
REQUEST		get user	1730584717675	1730584717780	KO	status.find.in([200, 209], 304), found 429
USER	Get Authorized User	END	1730584717781
USER	Get Authorized User	START	1730584717781
USER	Get Authorized User	START	1730584717874
REQUEST		get user	1730584717780	1730584717887	KO	status.find.in([200, 209], 304), found 429
USER	Get Authorized User	END	1730584717889
REQUEST		get user	1730584717873	1730584717970	KO	status.find.in([200, 209], 304), found 429
USER	Get Authorized User	END	1730584717973
USER	Get Authorized User	START	1730584717983
USER	Get Authorized User	START	1730584718075
REQUEST		get user	1730584717982	1730584718086	KO	status.find.in([200, 209], 304), found 429
USER	Get Authorized User	END	1730584718087
REQUEST		get user	1730584718074	1730584718173	KO	status.find.in([200, 209], 304), found 429
USER	Get Authorized User	END	1730584718175
USER	Get Authorized User	START	1730584718185
USER	Get Authorized User	START	1730584718275
REQUEST		get user	1730584718182	1730584718337	KO	status.find.in([200, 209], 304), found 429
USER	Get Authorized User	END	1730584718338
REQUEST		get user	1730584718275	1730584718373	KO	status.find.in([200, 209], 304), found 429
USER	Get Authorized User	END	1730584718374
USER	Get Authorized User	START	1730584718386
USER	Get Authorized User	START	1730584718477
REQUEST		get user	1730584718385	1730584718492	KO	status.find.in([200, 209], 304), found 429
USER	Get Authorized User	END	1730584718494
REQUEST		get user	1730584718477	1730584718576	KO	status.find.in([200, 209], 304), found 429
USER	Get Authorized User	END	1730584718577
USER	Get Authorized User	START	1730584718586
USER	Get Authorized User	START	1730584718677
REQUEST		get user	1730584718585	1730584718700	KO	status.find.in([200, 209], 304), found 429
USER	Get Authorized User	END	1730584718701
REQUEST		get user	1730584718676	1730584718773	KO	status.find.in([200, 209], 304), found 429
USER	Get Authorized User	END	1730584718774
USER	Get Authorized User	START	1730584718783
USER	Get Authorized User	START	1730584718877
REQUEST		get user	1730584718783	1730584718896	KO	status.find.in([200, 209], 304), found 429
USER	Get Authorized User	END	1730584718898
REQUEST		get user	1730584718876	1730584718983	KO	status.find.in([200, 209], 304), found 429
USER	Get Authorized User	END	1730584718983
USER	Get Authorized User	START	1730584718985
USER	Get Authorized User	START	1730584719078
REQUEST		get user	1730584718985	1730584719087	KO	status.find.in([200, 209], 304), found 429
USER	Get Authorized User	END	1730584719088
USER	Get Authorized User	START	1730584719187
REQUEST		get user	1730584719077	1730584719191	KO	status.find.in([200, 209], 304), found 429
USER	Get Authorized User	END	1730584719192
USER	Get Authorized User	START	1730584719280
REQUEST		get user	1730584719187	1730584719305	KO	status.find.in([200, 209], 304), found 429
USER	Get Authorized User	END	1730584719307
USER	Get Authorized User	START	1730584719374
REQUEST		get user	1730584719279	1730584719390	KO	status.find.in([200, 209], 304), found 429
USER	Get Authorized User	END	1730584719391
REQUEST		get user	1730584719373	1730584719476	KO	status.find.in([200, 209], 304), found 429
USER	Get Authorized User	END	1730584719477
USER	Get Authorized User	START	1730584719484
USER	Get Authorized User	START	1730584719578
REQUEST		get user	1730584719484	1730584719590	KO	status.find.in([200, 209], 304), found 429
USER	Get Authorized User	END	1730584719591
REQUEST		get user	1730584719577	1730584719672	KO	status.find.in([200, 209], 304), found 429
USER	Get Authorized User	END	1730584719673
USER	Get Authorized User	START	1730584719674
REQUEST		get user	1730584719673	1730584719775	KO	status.find.in([200, 209], 304), found 429
USER	Get Authorized User	END	1730584719776
USER	Get Authorized User	START	1730584719783
USER	Get Authorized User	START	1730584719876
REQUEST		get user	1730584719782	1730584719880	KO	status.find.in([200, 209], 304), found 429
USER	Get Authorized User	END	1730584719880
USER	Get Authorized User	START	1730584719983
REQUEST		get user	1730584719875	1730584719994	KO	status.find.in([200, 209], 304), found 429
USER	Get Authorized User	END	1730584719995
USER	Get Authorized User	START	1730584720075
REQUEST		get user	1730584719982	1730584720082	KO	status.find.in([200, 209], 304), found 429
USER	Get Authorized User	END	1730584720083
USER	Get Authorized User	START	1730584720185
REQUEST		get user	1730584720074	1730584720207	KO	status.find.in([200, 209], 304), found 429
USER	Get Authorized User	END	1730584720208
USER	Get Authorized User	START	1730584720279
REQUEST		get user	1730584720185	1730584720288	KO	status.find.in([200, 209], 304), found 429
USER	Get Authorized User	END	1730584720288
USER	Get Authorized User	START	1730584720373
REQUEST		get user	1730584720277	1730584720377	KO	status.find.in([200, 209], 304), found 429
USER	Get Authorized User	END	1730584720378
REQUEST		get user	1730584720373	1730584720469	KO	status.find.in([200, 209], 304), found 429
USER	Get Authorized User	END	1730584720470
USER	Get Authorized User	START	1730584720480
REQUEST		get user	1730584720480	1730584720574	KO	status.find.in([200, 209], 304), found 429
USER	Get Authorized User	START	1730584720575
USER	Get Authorized User	END	1730584720575
REQUEST		get user	1730584720574	1730584720675	KO	status.find.in([200, 209], 304), found 429
USER	Get Authorized User	END	1730584720676
USER	Get Authorized User	START	1730584720683
USER	Get Authorized User	START	1730584720778
REQUEST		get user	1730584720683	1730584720778	KO	status.find.in([200, 209], 304), found 429
USER	Get Authorized User	END	1730584720779
REQUEST		get user	1730584720777	1730584720876	KO	status.find.in([200, 209], 304), found 429
USER	Get Authorized User	END	1730584720876
USER	Get Authorized User	START	1730584720887
USER	Get Authorized User	START	1730584720979
REQUEST		get user	1730584720886	1730584720984	KO	status.find.in([200, 209], 304), found 429
USER	Get Authorized User	END	1730584720985
REQUEST		get user	1730584720978	1730584721081	KO	status.find.in([200, 209], 304), found 429
USER	Get Authorized User	END	1730584721082
USER	Get Authorized User	START	1730584721086
USER	Get Authorized User	START	1730584721178
REQUEST		get user	1730584721086	1730584721181	KO	status.find.in([200, 209], 304), found 429
USER	Get Authorized User	END	1730584721182
REQUEST		get user	1730584721178	1730584721278	KO	status.find.in([200, 209], 304), found 429
USER	Get Authorized User	END	1730584721279
USER	Get Authorized User	START	1730584721287
USER	Get Authorized User	START	1730584721380
REQUEST		get user	1730584721286	1730584721388	KO	status.find.in([200, 209], 304), found 429
USER	Get Authorized User	END	1730584721389
USER	Get Authorized User	START	1730584721473
REQUEST		get user	1730584721380	1730584721473	KO	status.find.in([200, 209], 304), found 429
USER	Get Authorized User	END	1730584721474
REQUEST		get user	1730584721473	1730584721566	KO	status.find.in([200, 209], 304), found 429
USER	Get Authorized User	END	1730584721567
USER	Get Authorized User	START	1730584721582
USER	Get Authorized User	START	1730584721673
REQUEST		get user	1730584721581	1730584721676	KO	status.find.in([200, 209], 304), found 429
USER	Get Authorized User	END	1730584721676
REQUEST		get user	1730584721673	1730584721773	KO	status.find.in([200, 209], 304), found 429
USER	Get Authorized User	END	1730584721774
USER	Get Authorized User	START	1730584721779
REQUEST		get user	1730584721778	1730584721877	KO	status.find.in([200, 209], 304), found 429
USER	Get Authorized User	END	1730584721877
USER	Get Authorized User	START	1730584721887
USER	Get Authorized User	START	1730584721978
REQUEST		get user	1730584721886	1730584721995	KO	status.find.in([200, 209], 304), found 429
USER	Get Authorized User	END	1730584721996
REQUEST		get user	1730584721978	1730584722079	KO	status.find.in([200, 209], 304), found 429
USER	Get Authorized User	END	1730584722080
USER	Get Authorized User	START	1730584722086
USER	Get Authorized User	START	1730584722180
REQUEST		get user	1730584722085	1730584722180	KO	status.find.in([200, 209], 304), found 429
USER	Get Authorized User	END	1730584722182
REQUEST		get user	1730584722178	1730584722284	KO	status.find.in([200, 209], 304), found 429
USER	Get Authorized User	END	1730584722284
USER	Get Authorized User	START	1730584722287
USER	Get Authorized User	START	1730584722381
REQUEST		get user	1730584722286	1730584722401	KO	status.find.in([200, 209], 304), found 429
USER	Get Authorized User	END	1730584722402
USER	Get Authorized User	START	1730584722475
REQUEST		get user	1730584722380	1730584722488	KO	status.find.in([200, 209], 304), found 429
USER	Get Authorized User	END	1730584722489
USER	Get Authorized User	START	1730584722584
REQUEST		get user	1730584722474	1730584722590	KO	status.find.in([200, 209], 304), found 429
USER	Get Authorized User	END	1730584722591
USER	Get Authorized User	START	1730584722677
REQUEST		get user	1730584722584	1730584722678	KO	status.find.in([200, 209], 304), found 429
USER	Get Authorized User	END	1730584722678
USER	Get Authorized User	START	1730584722785
REQUEST		get user	1730584722677	1730584722793	KO	status.find.in([200, 209], 304), found 429
USER	Get Authorized User	END	1730584722793
USER	Get Authorized User	START	1730584722876
REQUEST		get user	1730584722785	1730584722887	KO	status.find.in([200, 209], 304), found 429
USER	Get Authorized User	END	1730584722887
USER	Get Authorized User	START	1730584722985
REQUEST		get user	1730584722876	1730584723015	KO	status.find.in([200, 209], 304), found 429
USER	Get Authorized User	END	1730584723015
USER	Get Authorized User	START	1730584723078
REQUEST		get user	1730584722985	1730584723090	KO	status.find.in([200, 209], 304), found 429
USER	Get Authorized User	END	1730584723090
REQUEST		get user	1730584723077	1730584723173	KO	status.find.in([200, 209], 304), found 429
USER	Get Authorized User	END	1730584723174
USER	Get Authorized User	START	1730584723185
USER	Get Authorized User	START	1730584723279
REQUEST		get user	1730584723185	1730584723283	KO	status.find.in([200, 209], 304), found 429
USER	Get Authorized User	END	1730584723284
REQUEST		get user	1730584723278	1730584723377	KO	status.find.in([200, 209], 304), found 429
USER	Get Authorized User	END	1730584723379
USER	Get Authorized User	START	1730584723387
USER	Get Authorized User	START	1730584723480
REQUEST		get user	1730584723385	1730584723486	KO	status.find.in([200, 209], 304), found 429
USER	Get Authorized User	END	1730584723487
USER	Get Authorized User	START	1730584723574
REQUEST		get user	1730584723479	1730584723601	KO	status.find.in([200, 209], 304), found 429
USER	Get Authorized User	END	1730584723602
REQUEST		get user	1730584723574	1730584723669	KO	status.find.in([200, 209], 304), found 429
USER	Get Authorized User	END	1730584723670
USER	Get Authorized User	START	1730584723682
USER	Get Authorized User	START	1730584723775
REQUEST		get user	1730584723682	1730584723782	KO	status.find.in([200, 209], 304), found 429
USER	Get Authorized User	END	1730584723783
REQUEST		get user	1730584723775	1730584723874	KO	status.find.in([200, 209], 304), found 429
USER	Get Authorized User	END	1730584723875
USER	Get Authorized User	START	1730584723883
USER	Get Authorized User	START	1730584723976
REQUEST		get user	1730584723883	1730584723976	KO	status.find.in([200, 209], 304), found 429
USER	Get Authorized User	END	1730584723977
USER	Get Authorized User	START	1730584724083
REQUEST		get user	1730584723976	1730584724088	KO	status.find.in([200, 209], 304), found 429
USER	Get Authorized User	END	1730584724088
USER	Get Authorized User	START	1730584724175
REQUEST		get user	1730584724082	1730584724182	KO	status.find.in([200, 209], 304), found 429
USER	Get Authorized User	END	1730584724183
REQUEST		get user	1730584724175	1730584724272	KO	status.find.in([200, 209], 304), found 429
USER	Get Authorized User	END	1730584724274
USER	Get Authorized User	START	1730584724286
USER	Get Authorized User	START	1730584724379
REQUEST		get user	1730584724285	1730584724384	KO	status.find.in([200, 209], 304), found 429
USER	Get Authorized User	END	1730584724385
REQUEST		get user	1730584724378	1730584724478	KO	status.find.in([200, 209], 304), found 429
USER	Get Authorized User	END	1730584724479
USER	Get Authorized User	START	1730584724487
USER	Get Authorized User	START	1730584724580
REQUEST		get user	1730584724486	1730584724581	KO	status.find.in([200, 209], 304), found 429
USER	Get Authorized User	END	1730584724583
REQUEST		get user	1730584724579	1730584724676	KO	status.find.in([200, 209], 304), found 429
USER	Get Authorized User	END	1730584724677
USER	Get Authorized User	START	1730584724688
USER	Get Authorized User	START	1730584724782
REQUEST		get user	1730584724687	1730584724786	KO	status.find.in([200, 209], 304), found 429
USER	Get Authorized User	END	1730584724787
USER	Get Authorized User	START	1730584724873
REQUEST		get user	1730584724781	1730584724890	KO	status.find.in([200, 209], 304), found 429
USER	Get Authorized User	END	1730584724891
REQUEST		get user	1730584724872	1730584724975	KO	status.find.in([200, 209], 304), found 429
USER	Get Authorized User	END	1730584724977
USER	Get Authorized User	START	1730584724982
USER	Get Authorized User	START	1730584725074
REQUEST		get user	1730584724981	1730584725085	KO	status.find.in([200, 209], 304), found 429
USER	Get Authorized User	END	1730584725087
REQUEST		get user	1730584725073	1730584725171	KO	status.find.in([200, 209], 304), found 429
USER	Get Authorized User	END	1730584725173
USER	Get Authorized User	START	1730584725182
USER	Get Authorized User	START	1730584725289
REQUEST		get user	1730584725181	1730584725294	KO	status.find.in([200, 209], 304), found 429
USER	Get Authorized User	END	1730584725296
USER	Get Authorized User	START	1730584725382
REQUEST		get user	1730584725288	1730584725392	KO	status.find.in([200, 209], 304), found 429
USER	Get Authorized User	END	1730584725393
REQUEST		get user	1730584725381	1730584725480	KO	status.find.in([200, 209], 304), found 429
USER	Get Authorized User	END	1730584725482
USER	Get Authorized User	START	1730584725489
USER	Get Authorized User	START	1730584725581
REQUEST		get user	1730584725488	1730584725618	KO	status.find.in([200, 209], 304), found 429
USER	Get Authorized User	END	1730584725620
REQUEST		get user	1730584725580	1730584725679	KO	status.find.in([200, 209], 304), found 429
USER	Get Authorized User	END	1730584725680
USER	Get Authorized User	START	1730584725872
REQUEST		get user	1730584725871	1730584725970	KO	status.find.in([200, 209], 304), found 429
USER	Get Authorized User	END	1730584725972
USER	Get Authorized User	START	1730584726055
REQUEST		get user	1730584726055	1730584726162	KO	status.find.in([200, 209], 304), found 429
USER	Get Authorized User	END	1730584726164
USER	Get Authorized User	START	1730584726194
REQUEST		get user	1730584726193	1730584726290	KO	status.find.in([200, 209], 304), found 429
USER	Get Authorized User	END	1730584726290
USER	Get Authorized User	START	1730584726303
REQUEST		get user	1730584726302	1730584726402	KO	status.find.in([200, 209], 304), found 429
USER	Get Authorized User	END	1730584726403
USER	Get Authorized User	START	1730584726411
USER	Get Authorized User	START	1730584726488
REQUEST		get user	1730584726410	1730584726513	KO	status.find.in([200, 209], 304), found 429
USER	Get Authorized User	END	1730584726513
USER	Get Authorized User	START	1730584726565
REQUEST		get user	1730584726487	1730584726603	KO	status.find.in([200, 209], 304), found 429
USER	Get Authorized User	END	1730584726604
USER	Get Authorized User	START	1730584726626
REQUEST		get user	1730584726564	1730584726683	KO	status.find.in([200, 209], 304), found 429
USER	Get Authorized User	END	1730584726684
USER	Get Authorized User	START	1730584726687
REQUEST		get user	1730584726625	1730584726728	KO	status.find.in([200, 209], 304), found 429
USER	Get Authorized User	END	1730584726729
USER	Get Authorized User	START	1730584726750
REQUEST		get user	1730584726687	1730584726789	KO	status.find.in([200, 209], 304), found 429
USER	Get Authorized User	END	1730584726790
USER	Get Authorized User	START	1730584726810
USER	Get Authorized User	START	1730584726856
REQUEST		get user	1730584726749	1730584726861	KO	status.find.in([200, 209], 304), found 429
USER	Get Authorized User	END	1730584726862
USER	Get Authorized User	START	1730584726902
REQUEST		get user	1730584726809	1730584726918	KO	status.find.in([200, 209], 304), found 429
USER	Get Authorized User	END	1730584726919
USER	Get Authorized User	START	1730584726964
REQUEST		get user	1730584726856	1730584726974	KO	status.find.in([200, 209], 304), found 429
USER	Get Authorized User	END	1730584726976
USER	Get Authorized User	START	1730584726994
REQUEST		get user	1730584726902	1730584727013	KO	status.find.in([200, 209], 304), found 429
USER	Get Authorized User	END	1730584727015
USER	Get Authorized User	START	1730584727040
REQUEST		get user	1730584726963	1730584727077	KO	status.find.in([200, 209], 304), found 429
USER	Get Authorized User	END	1730584727078
USER	Get Authorized User	START	1730584727086
REQUEST		get user	1730584726993	1730584727099	KO	status.find.in([200, 209], 304), found 429
USER	Get Authorized User	END	1730584727099
USER	Get Authorized User	START	1730584727133
REQUEST		get user	1730584727039	1730584727134	KO	status.find.in([200, 209], 304), found 429
USER	Get Authorized User	END	1730584727134
USER	Get Authorized User	START	1730584727164
REQUEST		get user	1730584727085	1730584727180	KO	status.find.in([200, 209], 304), found 429
USER	Get Authorized User	END	1730584727181
USER	Get Authorized User	START	1730584727195
USER	Get Authorized User	START	1730584727243
REQUEST		get user	1730584727132	1730584727259	KO	status.find.in([200, 209], 304), found 429
USER	Get Authorized User	END	1730584727260
REQUEST		get user	1730584727163	1730584727265	KO	status.find.in([200, 209], 304), found 429
USER	Get Authorized User	END	1730584727266
USER	Get Authorized User	START	1730584727272
REQUEST		get user	1730584727194	1730584727293	KO	status.find.in([200, 209], 304), found 429
USER	Get Authorized User	END	1730584727295
USER	Get Authorized User	START	1730584727303
USER	Get Authorized User	START	1730584727349
REQUEST		get user	1730584727241	1730584727359	KO	status.find.in([200, 209], 304), found 429
USER	Get Authorized User	END	1730584727360
REQUEST		get user	1730584727271	1730584727378	KO	status.find.in([200, 209], 304), found 429
USER	Get Authorized User	END	1730584727380
USER	Get Authorized User	START	1730584727380
USER	Get Authorized User	START	1730584727412
REQUEST		get user	1730584727302	1730584727412	KO	status.find.in([200, 209], 304), found 429
USER	Get Authorized User	END	1730584727413
USER	Get Authorized User	START	1730584727442
REQUEST		get user	1730584727348	1730584727463	KO	status.find.in([200, 209], 304), found 429
USER	Get Authorized User	END	1730584727464
USER	Get Authorized User	START	1730584727473
REQUEST		get user	1730584727379	1730584727488	KO	status.find.in([200, 209], 304), found 429
USER	Get Authorized User	END	1730584727489
USER	Get Authorized User	START	1730584727503
REQUEST		get user	1730584727411	1730584727532	KO	status.find.in([200, 209], 304), found 429
USER	Get Authorized User	START	1730584727533
USER	Get Authorized User	END	1730584727533
REQUEST		get user	1730584727441	1730584727555	KO	status.find.in([200, 209], 304), found 429
USER	Get Authorized User	END	1730584727556
USER	Get Authorized User	START	1730584727564
REQUEST		get user	1730584727472	1730584727571	KO	status.find.in([200, 209], 304), found 429
USER	Get Authorized User	END	1730584727571
USER	Get Authorized User	START	1730584727595
USER	Get Authorized User	START	1730584727612
REQUEST		get user	1730584727532	1730584727629	KO	status.find.in([200, 209], 304), found 429
USER	Get Authorized User	END	1730584727629
USER	Get Authorized User	START	1730584727642
USER	Get Authorized User	START	1730584727672
REQUEST		get user	1730584727564	1730584727674	KO	status.find.in([200, 209], 304), found 429
USER	Get Authorized User	END	1730584727674
REQUEST		get user	1730584727595	1730584727695	KO	status.find.in([200, 209], 304), found 429
USER	Get Authorized User	END	1730584727696
USER	Get Authorized User	START	1730584727703
REQUEST		get user	1730584727611	1730584727714	KO	status.find.in([200, 209], 304), found 429
USER	Get Authorized User	END	1730584727715
USER	Get Authorized User	START	1730584727734
REQUEST		get user	1730584727642	1730584727740	KO	status.find.in([200, 209], 304), found 429
USER	Get Authorized User	END	1730584727741
USER	Get Authorized User	START	1730584727763
REQUEST		get user	1730584727502	1730584727770	KO	status.find.in([200, 209], 304), found 429
USER	Get Authorized User	END	1730584727770
REQUEST		get user	1730584727672	1730584727778	KO	status.find.in([200, 209], 304), found 429
USER	Get Authorized User	END	1730584727778
USER	Get Authorized User	START	1730584727793
REQUEST		get user	1730584727702	1730584727798	KO	status.find.in([200, 209], 304), found 429
USER	Get Authorized User	END	1730584727799
USER	Get Authorized User	START	1730584727808
REQUEST		get user	1730584727733	1730584727829	KO	status.find.in([200, 209], 304), found 429
USER	Get Authorized User	END	1730584727830
USER	Get Authorized User	START	1730584727840
REQUEST		get user	1730584727763	1730584727857	KO	status.find.in([200, 209], 304), found 429
USER	Get Authorized User	END	1730584727858
USER	Get Authorized User	START	1730584727871
REQUEST		get user	1730584727793	1730584727887	KO	status.find.in([200, 209], 304), found 429
USER	Get Authorized User	END	1730584727887
USER	Get Authorized User	START	1730584727901
USER	Get Authorized User	START	1730584727917
USER	Get Authorized User	START	1730584727947
REQUEST		get user	1730584727839	1730584727948	KO	status.find.in([200, 209], 304), found 429
USER	Get Authorized User	END	1730584727949
REQUEST		get user	1730584727870	1730584727966	KO	status.find.in([200, 209], 304), found 429
USER	Get Authorized User	END	1730584727967
USER	Get Authorized User	START	1730584727977
REQUEST		get user	1730584727901	1730584728002	KO	status.find.in([200, 209], 304), found 429
USER	Get Authorized User	END	1730584728002
USER	Get Authorized User	START	1730584728008
REQUEST		get user	1730584727916	1730584728013	KO	status.find.in([200, 209], 304), found 429
USER	Get Authorized User	END	1730584728014
USER	Get Authorized User	START	1730584728023
REQUEST		get user	1730584727946	1730584728042	KO	status.find.in([200, 209], 304), found 429
USER	Get Authorized User	END	1730584728043
USER	Get Authorized User	START	1730584728053
USER	Get Authorized User	START	1730584728085
REQUEST		get user	1730584728007	1730584728103	KO	status.find.in([200, 209], 304), found 429
USER	Get Authorized User	END	1730584728103
REQUEST		get user	1730584727977	1730584728106	KO	status.find.in([200, 209], 304), found 429
USER	Get Authorized User	END	1730584728106
USER	Get Authorized User	START	1730584728114
REQUEST		get user	1730584728023	1730584728117	KO	status.find.in([200, 209], 304), found 429
USER	Get Authorized User	END	1730584728118
REQUEST		get user	1730584727808	1730584728129	KO	status.find.in([200, 209], 304), found 429
USER	Get Authorized User	END	1730584728130
USER	Get Authorized User	START	1730584728130
REQUEST		get user	1730584728053	1730584728153	KO	status.find.in([200, 209], 304), found 429
USER	Get Authorized User	END	1730584728154
USER	Get Authorized User	START	1730584728161
REQUEST		get user	1730584728084	1730584728187	KO	status.find.in([200, 209], 304), found 429
USER	Get Authorized User	END	1730584728187
USER	Get Authorized User	START	1730584728193
USER	Get Authorized User	START	1730584728208
REQUEST		get user	1730584728114	1730584728214	KO	status.find.in([200, 209], 304), found 429
USER	Get Authorized User	END	1730584728214
REQUEST		get user	1730584728130	1730584728232	KO	status.find.in([200, 209], 304), found 429
USER	Get Authorized User	END	1730584728233
USER	Get Authorized User	START	1730584728240
REQUEST		get user	1730584728160	1730584728257	KO	status.find.in([200, 209], 304), found 429
USER	Get Authorized User	END	1730584728258
USER	Get Authorized User	START	1730584728271
USER	Get Authorized User	START	1730584728286
REQUEST		get user	1730584728192	1730584728299	KO	status.find.in([200, 209], 304), found 429
USER	Get Authorized User	END	1730584728300
REQUEST		get user	1730584728208	1730584728306	KO	status.find.in([200, 209], 304), found 429
USER	Get Authorized User	END	1730584728307
USER	Get Authorized User	START	1730584728317
REQUEST		get user	1730584728239	1730584728341	KO	status.find.in([200, 209], 304), found 429
USER	Get Authorized User	END	1730584728341
USER	Get Authorized User	START	1730584728347
USER	Get Authorized User	START	1730584728379
REQUEST		get user	1730584728270	1730584728385	KO	status.find.in([200, 209], 304), found 429
USER	Get Authorized User	END	1730584728386
REQUEST		get user	1730584728285	1730584728386	KO	status.find.in([200, 209], 304), found 429
USER	Get Authorized User	END	1730584728386
USER	Get Authorized User	START	1730584728395
REQUEST		get user	1730584728316	1730584728412	KO	status.find.in([200, 209], 304), found 429
USER	Get Authorized User	END	1730584728413
USER	Get Authorized User	START	1730584728426
REQUEST		get user	1730584728347	1730584728443	KO	status.find.in([200, 209], 304), found 429
USER	Get Authorized User	END	1730584728443
USER	Get Authorized User	START	1730584728456
REQUEST		get user	1730584728378	1730584728477	KO	status.find.in([200, 209], 304), found 429
USER	Get Authorized User	END	1730584728478
USER	Get Authorized User	START	1730584728486
REQUEST		get user	1730584728394	1730584728501	KO	status.find.in([200, 209], 304), found 429
USER	Get Authorized User	END	1730584728501
USER	Get Authorized User	START	1730584728518
USER	Get Authorized User	START	1730584728550
REQUEST		get user	1730584728455	1730584728554	KO	status.find.in([200, 209], 304), found 429
USER	Get Authorized User	END	1730584728554
REQUEST		get user	1730584728425	1730584728563	KO	status.find.in([200, 209], 304), found 429
USER	Get Authorized User	END	1730584728563
USER	Get Authorized User	START	1730584728564
REQUEST		get user	1730584728486	1730584728595	KO	status.find.in([200, 209], 304), found 429
USER	Get Authorized User	START	1730584728597
USER	Get Authorized User	END	1730584728597
REQUEST		get user	1730584728518	1730584728619	KO	status.find.in([200, 209], 304), found 429
USER	Get Authorized User	END	1730584728621
USER	Get Authorized User	START	1730584728628
REQUEST		get user	1730584728549	1730584728649	KO	status.find.in([200, 209], 304), found 429
USER	Get Authorized User	END	1730584728651
USER	Get Authorized User	START	1730584728658
REQUEST		get user	1730584728564	1730584728662	KO	status.find.in([200, 209], 304), found 429
USER	Get Authorized User	END	1730584728664
USER	Get Authorized User	START	1730584728688
USER	Get Authorized User	START	1730584728718
REQUEST		get user	1730584728596	1730584728720	KO	status.find.in([200, 209], 304), found 429
USER	Get Authorized User	END	1730584728721
REQUEST		get user	1730584728627	1730584728730	KO	status.find.in([200, 209], 304), found 429
USER	Get Authorized User	END	1730584728731
USER	Get Authorized User	START	1730584728749
REQUEST		get user	1730584728657	1730584728756	KO	status.find.in([200, 209], 304), found 429
USER	Get Authorized User	END	1730584728756
USER	Get Authorized User	START	1730584728780
REQUEST		get user	1730584728687	1730584728803	KO	status.find.in([200, 209], 304), found 429
USER	Get Authorized User	END	1730584728803
REQUEST		get user	1730584728717	1730584728814	KO	status.find.in([200, 209], 304), found 429
USER	Get Authorized User	END	1730584728815
USER	Get Authorized User	START	1730584728825
REQUEST		get user	1730584728749	1730584728847	KO	status.find.in([200, 209], 304), found 429
USER	Get Authorized User	END	1730584728847
USER	Get Authorized User	START	1730584728857
REQUEST		get user	1730584728780	1730584728875	KO	status.find.in([200, 209], 304), found 429
USER	Get Authorized User	END	1730584728875
USER	Get Authorized User	START	1730584728888
USER	Get Authorized User	START	1730584728918
REQUEST		get user	1730584728825	1730584728925	KO	status.find.in([200, 209], 304), found 429
USER	Get Authorized User	END	1730584728925
REQUEST		get user	1730584728857	1730584728958	KO	status.find.in([200, 209], 304), found 429
USER	Get Authorized User	END	1730584728959
USER	Get Authorized User	START	1730584728965
REQUEST		get user	1730584728887	1730584728982	KO	status.find.in([200, 209], 304), found 429
USER	Get Authorized User	END	1730584728983
USER	Get Authorized User	START	1730584728995
REQUEST		get user	1730584728918	1730584729018	KO	status.find.in([200, 209], 304), found 429
USER	Get Authorized User	END	1730584729020
USER	Get Authorized User	START	1730584729042
REQUEST		get user	1730584728964	1730584729060	KO	status.find.in([200, 209], 304), found 429
USER	Get Authorized User	END	1730584729061
USER	Get Authorized User	START	1730584729074
REQUEST		get user	1730584728994	1730584729092	KO	status.find.in([200, 209], 304), found 429
USER	Get Authorized User	END	1730584729093
USER	Get Authorized User	START	1730584729120
REQUEST		get user	1730584729042	1730584729135	KO	status.find.in([200, 209], 304), found 429
USER	Get Authorized User	END	1730584729136
USER	Get Authorized User	START	1730584729167
REQUEST		get user	1730584729074	1730584729169	KO	status.find.in([200, 209], 304), found 429
USER	Get Authorized User	END	1730584729170
USER	Get Authorized User	START	1730584729211
REQUEST		get user	1730584729120	1730584729216	KO	status.find.in([200, 209], 304), found 429
USER	Get Authorized User	END	1730584729217
USER	Get Authorized User	START	1730584729257
REQUEST		get user	1730584729166	1730584729259	KO	status.find.in([200, 209], 304), found 429
USER	Get Authorized User	END	1730584729259
USER	Get Authorized User	START	1730584729304
REQUEST		get user	1730584729211	1730584729310	KO	status.find.in([200, 209], 304), found 429
USER	Get Authorized User	END	1730584729310
USER	Get Authorized User	START	1730584729350
REQUEST		get user	1730584729257	1730584729359	KO	status.find.in([200, 209], 304), found 429
USER	Get Authorized User	END	1730584729360
REQUEST		get user	1730584729303	1730584729398	KO	status.find.in([200, 209], 304), found 429
USER	Get Authorized User	END	1730584729400
USER	Get Authorized User	START	1730584729414
REQUEST		get user	1730584729350	1730584729451	KO	status.find.in([200, 209], 304), found 429
USER	Get Authorized User	END	1730584729452
USER	Get Authorized User	START	1730584729458
REQUEST		get user	1730584729412	1730584729515	KO	status.find.in([200, 209], 304), found 429
USER	Get Authorized User	END	1730584729516
USER	Get Authorized User	START	1730584729538
REQUEST		get user	1730584729458	1730584729552	KO	status.find.in([200, 209], 304), found 429
USER	Get Authorized User	END	1730584729554
USER	Get Authorized User	START	1730584729601
REQUEST		get user	1730584729536	1730584729642	KO	status.find.in([200, 209], 304), found 429
USER	Get Authorized User	END	1730584729643
USER	Get Authorized User	START	1730584729677
REQUEST		get user	1730584729600	1730584729704	KO	status.find.in([200, 209], 304), found 429
USER	Get Authorized User	END	1730584729705
USER	Get Authorized User	START	1730584729752
REQUEST		get user	1730584729676	1730584729778	KO	status.find.in([200, 209], 304), found 429
USER	Get Authorized User	END	1730584729778
REQUEST		get user	1730584729751	1730584729851	KO	status.find.in([200, 209], 304), found 429
USER	Get Authorized User	END	1730584729852
USER	Get Authorized User	START	1730584729859
REQUEST		get user	1730584729859	1730584729957	KO	status.find.in([200, 209], 304), found 429
USER	Get Authorized User	END	1730584729959
USER	Get Authorized User	START	1730584729967
REQUEST		get user	1730584729966	1730584730083	KO	status.find.in([200, 209], 304), found 429
USER	Get Authorized User	END	1730584730084
USER	Get Authorized User	START	1730584730106
REQUEST		get user	1730584730105	1730584730203	KO	status.find.in([200, 209], 304), found 429
USER	Get Authorized User	END	1730584730203
USER	Get Authorized User	START	1730584730294
REQUEST		get user	1730584730293	1730584730422	KO	status.find.in([200, 209], 304), found 429
USER	Get Authorized User	END	1730584730423
USER	Get Authorized User	START	1730584730576
REQUEST		get user	1730584730576	1730584730680	KO	status.find.in([200, 209], 304), found 429
USER	Get Authorized User	END	1730584730681
USER	Get Authorized User	START	1730584730685
USER	Get Authorized User	START	1730584730777
REQUEST		get user	1730584730684	1730584730783	KO	status.find.in([200, 209], 304), found 429
USER	Get Authorized User	END	1730584730784
REQUEST		get user	1730584730776	1730584730877	KO	status.find.in([200, 209], 304), found 429
USER	Get Authorized User	END	1730584730878
USER	Get Authorized User	START	1730584730883
USER	Get Authorized User	START	1730584730975
REQUEST		get user	1730584730883	1730584730979	KO	status.find.in([200, 209], 304), found 429
USER	Get Authorized User	END	1730584730980
REQUEST		get user	1730584730975	1730584731069	KO	status.find.in([200, 209], 304), found 429
USER	Get Authorized User	END	1730584731069
USER	Get Authorized User	START	1730584731084
USER	Get Authorized User	START	1730584731179
REQUEST		get user	1730584731084	1730584731182	KO	status.find.in([200, 209], 304), found 429
USER	Get Authorized User	END	1730584731182
REQUEST		get user	1730584731179	1730584731280	KO	status.find.in([200, 209], 304), found 429
USER	Get Authorized User	END	1730584731280
USER	Get Authorized User	START	1730584731287
USER	Get Authorized User	START	1730584731382
REQUEST		get user	1730584731287	1730584731387	KO	status.find.in([200, 209], 304), found 429
USER	Get Authorized User	END	1730584731388
REQUEST		get user	1730584731381	1730584731482	KO	status.find.in([200, 209], 304), found 429
USER	Get Authorized User	END	1730584731483
USER	Get Authorized User	START	1730584731487
USER	Get Authorized User	START	1730584731583
REQUEST		get user	1730584731486	1730584731586	KO	status.find.in([200, 209], 304), found 429
USER	Get Authorized User	END	1730584731588
USER	Get Authorized User	START	1730584731673
REQUEST		get user	1730584731582	1730584731703	KO	status.find.in([200, 209], 304), found 429
USER	Get Authorized User	END	1730584731705
USER	Get Authorized User	START	1730584731782
REQUEST		get user	1730584731672	1730584731788	KO	status.find.in([200, 209], 304), found 429
USER	Get Authorized User	END	1730584731789
USER	Get Authorized User	START	1730584731876
REQUEST		get user	1730584731781	1730584731877	KO	status.find.in([200, 209], 304), found 429
USER	Get Authorized User	END	1730584731878
USER	Get Authorized User	START	1730584731983
REQUEST		get user	1730584731875	1730584731983	KO	status.find.in([200, 209], 304), found 429
USER	Get Authorized User	END	1730584731984
USER	Get Authorized User	START	1730584732076
REQUEST		get user	1730584731982	1730584732085	KO	status.find.in([200, 209], 304), found 429
USER	Get Authorized User	END	1730584732085
REQUEST		get user	1730584732076	1730584732182	KO	status.find.in([200, 209], 304), found 429
USER	Get Authorized User	END	1730584732183
USER	Get Authorized User	START	1730584732183
USER	Get Authorized User	START	1730584732275
REQUEST		get user	1730584732183	1730584732279	KO	status.find.in([200, 209], 304), found 429
USER	Get Authorized User	END	1730584732280
REQUEST		get user	1730584732275	1730584732374	KO	status.find.in([200, 209], 304), found 429
USER	Get Authorized User	END	1730584732374
USER	Get Authorized User	START	1730584732382
USER	Get Authorized User	START	1730584732476
REQUEST		get user	1730584732382	1730584732478	KO	status.find.in([200, 209], 304), found 429
USER	Get Authorized User	END	1730584732479
REQUEST		get user	1730584732475	1730584732573	KO	status.find.in([200, 209], 304), found 429
USER	Get Authorized User	END	1730584732573
USER	Get Authorized User	START	1730584732582
USER	Get Authorized User	START	1730584732674
REQUEST		get user	1730584732582	1730584732682	KO	status.find.in([200, 209], 304), found 429
USER	Get Authorized User	END	1730584732682
REQUEST		get user	1730584732674	1730584732778	KO	status.find.in([200, 209], 304), found 429
USER	Get Authorized User	END	1730584732778
USER	Get Authorized User	START	1730584732782
USER	Get Authorized User	START	1730584732874
REQUEST		get user	1730584732781	1730584732893	KO	status.find.in([200, 209], 304), found 429
USER	Get Authorized User	END	1730584732894
REQUEST		get user	1730584732874	1730584732975	KO	status.find.in([200, 209], 304), found 429
USER	Get Authorized User	END	1730584732976
USER	Get Authorized User	START	1730584732983
USER	Get Authorized User	START	1730584733076
REQUEST		get user	1730584732982	1730584733085	KO	status.find.in([200, 209], 304), found 429
USER	Get Authorized User	END	1730584733087
REQUEST		get user	1730584733075	1730584733172	KO	status.find.in([200, 209], 304), found 429
USER	Get Authorized User	END	1730584733174
USER	Get Authorized User	START	1730584733185
USER	Get Authorized User	START	1730584733277
REQUEST		get user	1730584733184	1730584733287	KO	status.find.in([200, 209], 304), found 429
USER	Get Authorized User	END	1730584733288
USER	Get Authorized User	START	1730584733383
REQUEST		get user	1730584733276	1730584733386	KO	status.find.in([200, 209], 304), found 429
USER	Get Authorized User	END	1730584733387
USER	Get Authorized User	START	1730584733476
REQUEST		get user	1730584733383	1730584733481	KO	status.find.in([200, 209], 304), found 429
USER	Get Authorized User	END	1730584733483
REQUEST		get user	1730584733475	1730584733577	KO	status.find.in([200, 209], 304), found 429
USER	Get Authorized User	END	1730584733578
USER	Get Authorized User	START	1730584733583
USER	Get Authorized User	START	1730584733676
REQUEST		get user	1730584733583	1730584733684	KO	status.find.in([200, 209], 304), found 429
USER	Get Authorized User	END	1730584733686
REQUEST		get user	1730584733675	1730584733780	KO	status.find.in([200, 209], 304), found 429
USER	Get Authorized User	END	1730584733780
USER	Get Authorized User	START	1730584733781
USER	Get Authorized User	START	1730584733874
REQUEST		get user	1730584733781	1730584733876	KO	status.find.in([200, 209], 304), found 429
USER	Get Authorized User	END	1730584733876
REQUEST		get user	1730584733873	1730584733971	KO	status.find.in([200, 209], 304), found 429
USER	Get Authorized User	END	1730584733971
USER	Get Authorized User	START	1730584733981
USER	Get Authorized User	START	1730584734075
REQUEST		get user	1730584733980	1730584734083	KO	status.find.in([200, 209], 304), found 429
USER	Get Authorized User	END	1730584734084
REQUEST		get user	1730584734074	1730584734178	KO	status.find.in([200, 209], 304), found 429
USER	Get Authorized User	END	1730584734179
USER	Get Authorized User	START	1730584734186
USER	Get Authorized User	START	1730584734279
REQUEST		get user	1730584734185	1730584734291	KO	status.find.in([200, 209], 304), found 429
USER	Get Authorized User	END	1730584734292
REQUEST		get user	1730584734278	1730584734384	KO	status.find.in([200, 209], 304), found 429
USER	Get Authorized User	END	1730584734386
USER	Get Authorized User	START	1730584734389
USER	Get Authorized User	START	1730584734483
REQUEST		get user	1730584734388	1730584734489	KO	status.find.in([200, 209], 304), found 429
USER	Get Authorized User	END	1730584734490
USER	Get Authorized User	START	1730584734575
REQUEST		get user	1730584734482	1730584734587	KO	status.find.in([200, 209], 304), found 429
USER	Get Authorized User	END	1730584734588
REQUEST		get user	1730584734574	1730584734678	KO	status.find.in([200, 209], 304), found 429
USER	Get Authorized User	END	1730584734679
USER	Get Authorized User	START	1730584734685
USER	Get Authorized User	START	1730584734777
REQUEST		get user	1730584734683	1730584734793	KO	status.find.in([200, 209], 304), found 429
USER	Get Authorized User	END	1730584734793
USER	Get Authorized User	START	1730584734885
REQUEST		get user	1730584734776	1730584734887	KO	status.find.in([200, 209], 304), found 429
USER	Get Authorized User	END	1730584734887
USER	Get Authorized User	START	1730584734980
REQUEST		get user	1730584734885	1730584734985	KO	status.find.in([200, 209], 304), found 429
USER	Get Authorized User	END	1730584734986
REQUEST		get user	1730584734980	1730584735074	KO	status.find.in([200, 209], 304), found 429
USER	Get Authorized User	END	1730584735075
USER	Get Authorized User	START	1730584735075
REQUEST		get user	1730584735075	1730584735168	KO	status.find.in([200, 209], 304), found 429
USER	Get Authorized User	END	1730584735169
USER	Get Authorized User	START	1730584735183
USER	Get Authorized User	START	1730584735275
REQUEST		get user	1730584735183	1730584735286	KO	status.find.in([200, 209], 304), found 429
USER	Get Authorized User	END	1730584735287
USER	Get Authorized User	START	1730584735381
REQUEST		get user	1730584735275	1730584735399	KO	status.find.in([200, 209], 304), found 429
USER	Get Authorized User	END	1730584735400
USER	Get Authorized User	START	1730584735474
REQUEST		get user	1730584735381	1730584735488	KO	status.find.in([200, 209], 304), found 429
USER	Get Authorized User	END	1730584735489
REQUEST		get user	1730584735474	1730584735581	KO	status.find.in([200, 209], 304), found 429
USER	Get Authorized User	START	1730584735583
USER	Get Authorized User	END	1730584735583
USER	Get Authorized User	START	1730584735678
REQUEST		get user	1730584735582	1730584735685	KO	status.find.in([200, 209], 304), found 429
USER	Get Authorized User	END	1730584735687
REQUEST		get user	1730584735675	1730584735780	KO	status.find.in([200, 209], 304), found 429
USER	Get Authorized User	END	1730584735781
USER	Get Authorized User	START	1730584735784
USER	Get Authorized User	START	1730584735877
REQUEST		get user	1730584735783	1730584735892	KO	status.find.in([200, 209], 304), found 429
USER	Get Authorized User	END	1730584735892
REQUEST		get user	1730584735877	1730584735973	KO	status.find.in([200, 209], 304), found 429
USER	Get Authorized User	END	1730584735974
USER	Get Authorized User	START	1730584735987
USER	Get Authorized User	START	1730584736080
REQUEST		get user	1730584735986	1730584736087	KO	status.find.in([200, 209], 304), found 429
USER	Get Authorized User	END	1730584736089
USER	Get Authorized User	START	1730584736173
REQUEST		get user	1730584736079	1730584736201	KO	status.find.in([200, 209], 304), found 429
USER	Get Authorized User	END	1730584736202
REQUEST		get user	1730584736172	1730584736282	KO	status.find.in([200, 209], 304), found 429
USER	Get Authorized User	END	1730584736282
USER	Get Authorized User	START	1730584736284
USER	Get Authorized User	START	1730584736377
REQUEST		get user	1730584736283	1730584736386	KO	status.find.in([200, 209], 304), found 429
USER	Get Authorized User	END	1730584736387
REQUEST		get user	1730584736376	1730584736475	KO	status.find.in([200, 209], 304), found 429
USER	Get Authorized User	END	1730584736476
USER	Get Authorized User	START	1730584736483
USER	Get Authorized User	START	1730584736577
REQUEST		get user	1730584736483	1730584736582	KO	status.find.in([200, 209], 304), found 429
USER	Get Authorized User	END	1730584736582
REQUEST		get user	1730584736577	1730584736680	KO	status.find.in([200, 209], 304), found 429
USER	Get Authorized User	END	1730584736681
USER	Get Authorized User	START	1730584736686
USER	Get Authorized User	START	1730584736778
REQUEST		get user	1730584736685	1730584736790	KO	status.find.in([200, 209], 304), found 429
USER	Get Authorized User	END	1730584736790
REQUEST		get user	1730584736777	1730584736872	KO	status.find.in([200, 209], 304), found 429
USER	Get Authorized User	END	1730584736874
USER	Get Authorized User	START	1730584736886
USER	Get Authorized User	START	1730584736979
REQUEST		get user	1730584736885	1730584736986	KO	status.find.in([200, 209], 304), found 429
USER	Get Authorized User	END	1730584736988
REQUEST		get user	1730584736978	1730584737075	KO	status.find.in([200, 209], 304), found 429
USER	Get Authorized User	END	1730584737077
USER	Get Authorized User	START	1730584737087
USER	Get Authorized User	START	1730584737181
REQUEST		get user	1730584737086	1730584737187	KO	status.find.in([200, 209], 304), found 429
USER	Get Authorized User	END	1730584737188
USER	Get Authorized User	START	1730584737275
REQUEST		get user	1730584737180	1730584737281	KO	status.find.in([200, 209], 304), found 429
USER	Get Authorized User	END	1730584737282
REQUEST		get user	1730584737274	1730584737372	KO	status.find.in([200, 209], 304), found 429
USER	Get Authorized User	END	1730584737373
USER	Get Authorized User	START	1730584737384
USER	Get Authorized User	START	1730584737476
REQUEST		get user	1730584737383	1730584737483	KO	status.find.in([200, 209], 304), found 429
USER	Get Authorized User	END	1730584737484
REQUEST		get user	1730584737475	1730584737583	KO	status.find.in([200, 209], 304), found 429
USER	Get Authorized User	END	1730584737585
USER	Get Authorized User	START	1730584737585
USER	Get Authorized User	START	1730584737676
REQUEST		get user	1730584737584	1730584737688	KO	status.find.in([200, 209], 304), found 429
USER	Get Authorized User	END	1730584737689
USER	Get Authorized User	START	1730584737783
REQUEST		get user	1730584737675	1730584737801	KO	status.find.in([200, 209], 304), found 429
USER	Get Authorized User	END	1730584737802
USER	Get Authorized User	START	1730584737873
REQUEST		get user	1730584737782	1730584737877	KO	status.find.in([200, 209], 304), found 429
USER	Get Authorized User	END	1730584737878
REQUEST		get user	1730584737873	1730584737967	KO	status.find.in([200, 209], 304), found 429
USER	Get Authorized User	END	1730584737968
USER	Get Authorized User	START	1730584737982
USER	Get Authorized User	START	1730584738074
REQUEST		get user	1730584737981	1730584738093	KO	status.find.in([200, 209], 304), found 429
USER	Get Authorized User	END	1730584738094
REQUEST		get user	1730584738074	1730584738172	KO	status.find.in([200, 209], 304), found 429
USER	Get Authorized User	END	1730584738174
USER	Get Authorized User	START	1730584738182
USER	Get Authorized User	START	1730584738275
REQUEST		get user	1730584738181	1730584738289	KO	status.find.in([200, 209], 304), found 429
USER	Get Authorized User	END	1730584738291
REQUEST		get user	1730584738274	1730584738379	KO	status.find.in([200, 209], 304), found 429
USER	Get Authorized User	END	1730584738380
USER	Get Authorized User	START	1730584738383
USER	Get Authorized User	START	1730584738474
REQUEST		get user	1730584738382	1730584738487	KO	status.find.in([200, 209], 304), found 429
USER	Get Authorized User	END	1730584738487
REQUEST		get user	1730584738474	1730584738574	KO	status.find.in([200, 209], 304), found 429
USER	Get Authorized User	END	1730584738575
USER	Get Authorized User	START	1730584738583
USER	Get Authorized User	START	1730584738675
REQUEST		get user	1730584738582	1730584738681	KO	status.find.in([200, 209], 304), found 429
USER	Get Authorized User	END	1730584738681
REQUEST		get user	1730584738674	1730584738772	KO	status.find.in([200, 209], 304), found 429
USER	Get Authorized User	END	1730584738773
USER	Get Authorized User	START	1730584738785
USER	Get Authorized User	START	1730584738877
REQUEST		get user	1730584738784	1730584738882	KO	status.find.in([200, 209], 304), found 429
USER	Get Authorized User	END	1730584738882
REQUEST		get user	1730584738876	1730584738979	KO	status.find.in([200, 209], 304), found 429
USER	Get Authorized User	END	1730584738980
USER	Get Authorized User	START	1730584738988
USER	Get Authorized User	START	1730584739082
REQUEST		get user	1730584738987	1730584739099	KO	status.find.in([200, 209], 304), found 429
USER	Get Authorized User	END	1730584739101
REQUEST		get user	1730584739081	1730584739184	KO	status.find.in([200, 209], 304), found 429
USER	Get Authorized User	END	1730584739184
USER	Get Authorized User	START	1730584739188
USER	Get Authorized User	START	1730584739281
REQUEST		get user	1730584739188	1730584739291	KO	status.find.in([200, 209], 304), found 429
USER	Get Authorized User	END	1730584739291
REQUEST		get user	1730584739281	1730584739373	KO	status.find.in([200, 209], 304), found 429
USER	Get Authorized User	END	1730584739374
USER	Get Authorized User	START	1730584739374
USER	Get Authorized User	START	1730584739485
REQUEST		get user	1730584739374	1730584739502	KO	status.find.in([200, 209], 304), found 429
USER	Get Authorized User	END	1730584739503
USER	Get Authorized User	START	1730584739577
REQUEST		get user	1730584739484	1730584739598	KO	status.find.in([200, 209], 304), found 429
USER	Get Authorized User	END	1730584739598
REQUEST		get user	1730584739577	1730584739679	KO	status.find.in([200, 209], 304), found 429
USER	Get Authorized User	END	1730584739679
USER	Get Authorized User	START	1730584739687
USER	Get Authorized User	START	1730584739782
REQUEST		get user	1730584739687	1730584739786	KO	status.find.in([200, 209], 304), found 429
USER	Get Authorized User	END	1730584739787
USER	Get Authorized User	START	1730584739876
REQUEST		get user	1730584739781	1730584739883	KO	status.find.in([200, 209], 304), found 429
USER	Get Authorized User	END	1730584739884
USER	Get Authorized User	START	1730584739983
REQUEST		get user	1730584739875	1730584739988	KO	status.find.in([200, 209], 304), found 429
USER	Get Authorized User	END	1730584739989
USER	Get Authorized User	START	1730584740076
REQUEST		get user	1730584739983	1730584740080	KO	status.find.in([200, 209], 304), found 429
USER	Get Authorized User	END	1730584740082
REQUEST		get user	1730584740075	1730584740178	KO	status.find.in([200, 209], 304), found 429
USER	Get Authorized User	END	1730584740178
USER	Get Authorized User	START	1730584740184
USER	Get Authorized User	START	1730584740277
REQUEST		get user	1730584740183	1730584740285	KO	status.find.in([200, 209], 304), found 429
USER	Get Authorized User	END	1730584740286
USER	Get Authorized User	START	1730584740384
REQUEST		get user	1730584740276	1730584740385	KO	status.find.in([200, 209], 304), found 429
USER	Get Authorized User	END	1730584740387
USER	Get Authorized User	START	1730584740476
REQUEST		get user	1730584740383	1730584740483	KO	status.find.in([200, 209], 304), found 429
USER	Get Authorized User	END	1730584740483
REQUEST		get user	1730584740476	1730584740569	KO	status.find.in([200, 209], 304), found 429
USER	Get Authorized User	END	1730584740570
USER	Get Authorized User	START	1730584740585
USER	Get Authorized User	START	1730584740679
REQUEST		get user	1730584740585	1730584740686	KO	status.find.in([200, 209], 304), found 429
USER	Get Authorized User	END	1730584740687
USER	Get Authorized User	START	1730584740772
REQUEST		get user	1730584740678	1730584740773	KO	status.find.in([200, 209], 304), found 429
USER	Get Authorized User	END	1730584740774
REQUEST		get user	1730584740772	1730584740871	KO	status.find.in([200, 209], 304), found 429
USER	Get Authorized User	END	1730584740871
USER	Get Authorized User	START	1730584740881
USER	Get Authorized User	START	1730584740976
REQUEST		get user	1730584740881	1730584740981	KO	status.find.in([200, 209], 304), found 429
USER	Get Authorized User	END	1730584740981
REQUEST		get user	1730584740976	1730584741079	KO	status.find.in([200, 209], 304), found 429
USER	Get Authorized User	END	1730584741080
USER	Get Authorized User	START	1730584741085
USER	Get Authorized User	START	1730584741178
REQUEST		get user	1730584741084	1730584741232	KO	status.find.in([200, 209], 304), found 429
USER	Get Authorized User	END	1730584741234
USER	Get Authorized User	START	1730584741287
REQUEST		get user	1730584741177	1730584741348	KO	status.find.in([200, 209], 304), found 429
USER	Get Authorized User	END	1730584741349
USER	Get Authorized User	START	1730584741379
REQUEST		get user	1730584741286	1730584741392	KO	status.find.in([200, 209], 304), found 429
USER	Get Authorized User	END	1730584741394
USER	Get Authorized User	START	1730584741474
REQUEST		get user	1730584741378	1730584741481	KO	status.find.in([200, 209], 304), found 429
USER	Get Authorized User	END	1730584741482
USER	Get Authorized User	START	1730584741582
REQUEST		get user	1730584741473	1730584741587	KO	status.find.in([200, 209], 304), found 429
USER	Get Authorized User	END	1730584741587
REQUEST		get user	1730584741581	1730584741684	KO	status.find.in([200, 209], 304), found 429
USER	Get Authorized User	END	1730584741686
USER	Get Authorized User	START	1730584741688
USER	Get Authorized User	START	1730584741779
REQUEST		get user	1730584741687	1730584741783	KO	status.find.in([200, 209], 304), found 429
USER	Get Authorized User	END	1730584741784
REQUEST		get user	1730584741778	1730584741873	KO	status.find.in([200, 209], 304), found 429
USER	Get Authorized User	END	1730584741874
USER	Get Authorized User	START	1730584741885
USER	Get Authorized User	START	1730584741979
REQUEST		get user	1730584741885	1730584741995	KO	status.find.in([200, 209], 304), found 429
USER	Get Authorized User	END	1730584741996
REQUEST		get user	1730584741978	1730584742077	KO	status.find.in([200, 209], 304), found 429
USER	Get Authorized User	END	1730584742077
USER	Get Authorized User	START	1730584742087
USER	Get Authorized User	START	1730584742179
REQUEST		get user	1730584742086	1730584742189	KO	status.find.in([200, 209], 304), found 429
USER	Get Authorized User	END	1730584742190
REQUEST		get user	1730584742179	1730584742279	KO	status.find.in([200, 209], 304), found 429
USER	Get Authorized User	END	1730584742281
USER	Get Authorized User	START	1730584742287
USER	Get Authorized User	START	1730584742380
REQUEST		get user	1730584742286	1730584742403	KO	status.find.in([200, 209], 304), found 429
USER	Get Authorized User	END	1730584742404
REQUEST		get user	1730584742379	1730584742480	KO	status.find.in([200, 209], 304), found 429
USER	Get Authorized User	END	1730584742480
USER	Get Authorized User	START	1730584742487
USER	Get Authorized User	START	1730584742579
REQUEST		get user	1730584742486	1730584742581	KO	status.find.in([200, 209], 304), found 429
USER	Get Authorized User	END	1730584742582
REQUEST		get user	1730584742579	1730584742683	KO	status.find.in([200, 209], 304), found 429
USER	Get Authorized User	END	1730584742685
USER	Get Authorized User	START	1730584742688
USER	Get Authorized User	START	1730584742780
REQUEST		get user	1730584742687	1730584742791	KO	status.find.in([200, 209], 304), found 429
USER	Get Authorized User	END	1730584742793
REQUEST		get user	1730584742779	1730584742879	KO	status.find.in([200, 209], 304), found 429
USER	Get Authorized User	END	1730584742880
USER	Get Authorized User	START	1730584742887
USER	Get Authorized User	START	1730584742977
REQUEST		get user	1730584742886	1730584742987	KO	status.find.in([200, 209], 304), found 429
USER	Get Authorized User	END	1730584742987
REQUEST		get user	1730584742977	1730584743073	KO	status.find.in([200, 209], 304), found 429
USER	Get Authorized User	END	1730584743074
USER	Get Authorized User	START	1730584743084
USER	Get Authorized User	START	1730584743179
REQUEST		get user	1730584743084	1730584743182	KO	status.find.in([200, 209], 304), found 429
USER	Get Authorized User	END	1730584743182
USER	Get Authorized User	START	1730584743285
REQUEST		get user	1730584743178	1730584743296	KO	status.find.in([200, 209], 304), found 429
USER	Get Authorized User	END	1730584743298
USER	Get Authorized User	START	1730584743376
REQUEST		get user	1730584743285	1730584743387	KO	status.find.in([200, 209], 304), found 429
USER	Get Authorized User	END	1730584743388
REQUEST		get user	1730584743376	1730584743475	KO	status.find.in([200, 209], 304), found 429
USER	Get Authorized User	END	1730584743475
USER	Get Authorized User	START	1730584743488
USER	Get Authorized User	START	1730584743580
REQUEST		get user	1730584743487	1730584743596	KO	status.find.in([200, 209], 304), found 429
USER	Get Authorized User	END	1730584743597
USER	Get Authorized User	START	1730584743687
REQUEST		get user	1730584743579	1730584743699	KO	status.find.in([200, 209], 304), found 429
USER	Get Authorized User	END	1730584743700
USER	Get Authorized User	START	1730584743780
REQUEST		get user	1730584743686	1730584743800	KO	status.find.in([200, 209], 304), found 429
USER	Get Authorized User	END	1730584743801
REQUEST		get user	1730584743779	1730584743885	KO	status.find.in([200, 209], 304), found 429
USER	Get Authorized User	START	1730584743887
USER	Get Authorized User	END	1730584743887
USER	Get Authorized User	START	1730584743979
REQUEST		get user	1730584743886	1730584743997	KO	status.find.in([200, 209], 304), found 429
USER	Get Authorized User	END	1730584743999
USER	Get Authorized User	START	1730584744085
REQUEST		get user	1730584743978	1730584744104	KO	status.find.in([200, 209], 304), found 429
USER	Get Authorized User	END	1730584744104
USER	Get Authorized User	START	1730584744177
REQUEST		get user	1730584744085	1730584744189	KO	status.find.in([200, 209], 304), found 429
USER	Get Authorized User	END	1730584744190
REQUEST		get user	1730584744177	1730584744273	KO	status.find.in([200, 209], 304), found 429
USER	Get Authorized User	END	1730584744275
USER	Get Authorized User	START	1730584744287
USER	Get Authorized User	START	1730584744381
REQUEST		get user	1730584744286	1730584744417	KO	status.find.in([200, 209], 304), found 429
USER	Get Authorized User	END	1730584744418
USER	Get Authorized User	START	1730584744473
REQUEST		get user	1730584744380	1730584744484	KO	status.find.in([200, 209], 304), found 429
USER	Get Authorized User	END	1730584744484
USER	Get Authorized User	START	1730584744582
REQUEST		get user	1730584744472	1730584744588	KO	status.find.in([200, 209], 304), found 429
USER	Get Authorized User	END	1730584744589
USER	Get Authorized User	START	1730584744675
REQUEST		get user	1730584744581	1730584744685	KO	status.find.in([200, 209], 304), found 429
USER	Get Authorized User	END	1730584744687
REQUEST		get user	1730584744673	1730584744771	KO	status.find.in([200, 209], 304), found 429
USER	Get Authorized User	END	1730584744773
USER	Get Authorized User	START	1730584744781
USER	Get Authorized User	START	1730584744875
REQUEST		get user	1730584744781	1730584744888	KO	status.find.in([200, 209], 304), found 429
USER	Get Authorized User	END	1730584744889
USER	Get Authorized User	START	1730584744982
REQUEST		get user	1730584744874	1730584744989	KO	status.find.in([200, 209], 304), found 429
USER	Get Authorized User	END	1730584744990
USER	Get Authorized User	START	1730584745076
REQUEST		get user	1730584744981	1730584745088	KO	status.find.in([200, 209], 304), found 429
USER	Get Authorized User	END	1730584745089
REQUEST		get user	1730584745076	1730584745170	KO	status.find.in([200, 209], 304), found 429
USER	Get Authorized User	END	1730584745172
USER	Get Authorized User	START	1730584745186
USER	Get Authorized User	START	1730584745279
REQUEST		get user	1730584745185	1730584745318	KO	status.find.in([200, 209], 304), found 429
USER	Get Authorized User	END	1730584745319
REQUEST		get user	1730584745278	1730584745380	KO	status.find.in([200, 209], 304), found 429
USER	Get Authorized User	END	1730584745381
USER	Get Authorized User	START	1730584745386
USER	Get Authorized User	START	1730584745480
REQUEST		get user	1730584745385	1730584745485	KO	status.find.in([200, 209], 304), found 429
USER	Get Authorized User	END	1730584745486
USER	Get Authorized User	START	1730584745574
REQUEST		get user	1730584745480	1730584745591	KO	status.find.in([200, 209], 304), found 429
USER	Get Authorized User	END	1730584745592
REQUEST		get user	1730584745573	1730584745675	KO	status.find.in([200, 209], 304), found 429
USER	Get Authorized User	END	1730584745676
USER	Get Authorized User	START	1730584745681
USER	Get Authorized User	START	1730584745774
REQUEST		get user	1730584745680	1730584745783	KO	status.find.in([200, 209], 304), found 429
USER	Get Authorized User	END	1730584745785
USER	Get Authorized User	START	1730584745879
REQUEST		get user	1730584745773	1730584745882	KO	status.find.in([200, 209], 304), found 429
USER	Get Authorized User	END	1730584745883
REQUEST		get user	1730584745879	1730584745975	KO	status.find.in([200, 209], 304), found 429
USER	Get Authorized User	END	1730584745977
USER	Get Authorized User	START	1730584745988
USER	Get Authorized User	START	1730584746081
REQUEST		get user	1730584745987	1730584746089	KO	status.find.in([200, 209], 304), found 429
USER	Get Authorized User	END	1730584746091
USER	Get Authorized User	START	1730584746174
REQUEST		get user	1730584746080	1730584746185	KO	status.find.in([200, 209], 304), found 429
USER	Get Authorized User	END	1730584746186
USER	Get Authorized User	START	1730584746280
REQUEST		get user	1730584746173	1730584746299	KO	status.find.in([200, 209], 304), found 429
USER	Get Authorized User	END	1730584746300
REQUEST		get user	1730584746280	1730584746377	KO	status.find.in([200, 209], 304), found 429
USER	Get Authorized User	END	1730584746378
USER	Get Authorized User	START	1730584746388
USER	Get Authorized User	START	1730584746479
REQUEST		get user	1730584746387	1730584746488	KO	status.find.in([200, 209], 304), found 429
USER	Get Authorized User	END	1730584746489
REQUEST		get user	1730584746478	1730584746580	KO	status.find.in([200, 209], 304), found 429
USER	Get Authorized User	END	1730584746582
USER	Get Authorized User	START	1730584746587
USER	Get Authorized User	START	1730584746680
REQUEST		get user	1730584746586	1730584746689	KO	status.find.in([200, 209], 304), found 429
USER	Get Authorized User	END	1730584746690
USER	Get Authorized User	START	1730584746787
REQUEST		get user	1730584746679	1730584746787	KO	status.find.in([200, 209], 304), found 429
USER	Get Authorized User	END	1730584746788
USER	Get Authorized User	START	1730584746879
REQUEST		get user	1730584746786	1730584746893	KO	status.find.in([200, 209], 304), found 429
USER	Get Authorized User	END	1730584746894
USER	Get Authorized User	START	1730584746985
REQUEST		get user	1730584746878	1730584746996	KO	status.find.in([200, 209], 304), found 429
USER	Get Authorized User	END	1730584746997
USER	Get Authorized User	START	1730584747078
REQUEST		get user	1730584746985	1730584747087	KO	status.find.in([200, 209], 304), found 429
USER	Get Authorized User	END	1730584747088
REQUEST		get user	1730584747077	1730584747177	KO	status.find.in([200, 209], 304), found 429
USER	Get Authorized User	END	1730584747178
USER	Get Authorized User	START	1730584747187
USER	Get Authorized User	START	1730584747280
REQUEST		get user	1730584747186	1730584747287	KO	status.find.in([200, 209], 304), found 429
USER	Get Authorized User	END	1730584747289
REQUEST		get user	1730584747279	1730584747386	KO	status.find.in([200, 209], 304), found 429
USER	Get Authorized User	END	1730584747387
USER	Get Authorized User	START	1730584747388
USER	Get Authorized User	START	1730584747481
REQUEST		get user	1730584747388	1730584747486	KO	status.find.in([200, 209], 304), found 429
USER	Get Authorized User	END	1730584747486
USER	Get Authorized User	START	1730584747577
REQUEST		get user	1730584747481	1730584747579	KO	status.find.in([200, 209], 304), found 429
USER	Get Authorized User	END	1730584747581
REQUEST		get user	1730584747576	1730584747675	KO	status.find.in([200, 209], 304), found 429
USER	Get Authorized User	END	1730584747677
USER	Get Authorized User	START	1730584747683
USER	Get Authorized User	START	1730584747776
REQUEST		get user	1730584747682	1730584747784	KO	status.find.in([200, 209], 304), found 429
USER	Get Authorized User	END	1730584747785
USER	Get Authorized User	START	1730584747883
REQUEST		get user	1730584747775	1730584747887	KO	status.find.in([200, 209], 304), found 429
USER	Get Authorized User	END	1730584747889
USER	Get Authorized User	START	1730584747975
REQUEST		get user	1730584747882	1730584747989	KO	status.find.in([200, 209], 304), found 429
USER	Get Authorized User	END	1730584747990
USER	Get Authorized User	START	1730584748083
REQUEST		get user	1730584747974	1730584748086	KO	status.find.in([200, 209], 304), found 429
USER	Get Authorized User	END	1730584748087
USER	Get Authorized User	START	1730584748175
REQUEST		get user	1730584748082	1730584748183	KO	status.find.in([200, 209], 304), found 429
USER	Get Authorized User	END	1730584748183
USER	Get Authorized User	START	1730584748284
REQUEST		get user	1730584748175	1730584748292	KO	status.find.in([200, 209], 304), found 429
USER	Get Authorized User	END	1730584748293
USER	Get Authorized User	START	1730584748377
REQUEST		get user	1730584748283	1730584748388	KO	status.find.in([200, 209], 304), found 429
USER	Get Authorized User	END	1730584748389
REQUEST		get user	1730584748376	1730584748478	KO	status.find.in([200, 209], 304), found 429
USER	Get Authorized User	END	1730584748479
USER	Get Authorized User	START	1730584748486
USER	Get Authorized User	START	1730584748578
REQUEST		get user	1730584748485	1730584748605	KO	status.find.in([200, 209], 304), found 429
USER	Get Authorized User	END	1730584748606
REQUEST		get user	1730584748577	1730584748677	KO	status.find.in([200, 209], 304), found 429
USER	Get Authorized User	END	1730584748678
USER	Get Authorized User	START	1730584748685
USER	Get Authorized User	START	1730584748778
REQUEST		get user	1730584748684	1730584748785	KO	status.find.in([200, 209], 304), found 429
USER	Get Authorized User	END	1730584748785
USER	Get Authorized User	START	1730584748886
REQUEST		get user	1730584748777	1730584748906	KO	status.find.in([200, 209], 304), found 429
USER	Get Authorized User	END	1730584748907
USER	Get Authorized User	START	1730584748981
REQUEST		get user	1730584748885	1730584748988	KO	status.find.in([200, 209], 304), found 429
USER	Get Authorized User	END	1730584748989
USER	Get Authorized User	START	1730584749075
REQUEST		get user	1730584748980	1730584749087	KO	status.find.in([200, 209], 304), found 429
USER	Get Authorized User	END	1730584749089
USER	Get Authorized User	START	1730584749182
REQUEST		get user	1730584749074	1730584749195	KO	status.find.in([200, 209], 304), found 429
USER	Get Authorized User	END	1730584749196
USER	Get Authorized User	START	1730584749276
REQUEST		get user	1730584749182	1730584749276	KO	status.find.in([200, 209], 304), found 429
USER	Get Authorized User	END	1730584749277
REQUEST		get user	1730584749274	1730584749378	KO	status.find.in([200, 209], 304), found 429
USER	Get Authorized User	END	1730584749379
USER	Get Authorized User	START	1730584749383
USER	Get Authorized User	START	1730584749477
REQUEST		get user	1730584749382	1730584749483	KO	status.find.in([200, 209], 304), found 429
USER	Get Authorized User	END	1730584749483
REQUEST		get user	1730584749476	1730584749572	KO	status.find.in([200, 209], 304), found 429
USER	Get Authorized User	END	1730584749573
USER	Get Authorized User	START	1730584749585
USER	Get Authorized User	START	1730584749677
REQUEST		get user	1730584749584	1730584749686	KO	status.find.in([200, 209], 304), found 429
USER	Get Authorized User	END	1730584749687
REQUEST		get user	1730584749675	1730584749778	KO	status.find.in([200, 209], 304), found 429
USER	Get Authorized User	END	1730584749780
USER	Get Authorized User	START	1730584749783
USER	Get Authorized User	START	1730584749874
REQUEST		get user	1730584749782	1730584749878	KO	status.find.in([200, 209], 304), found 429
USER	Get Authorized User	END	1730584749879
USER	Get Authorized User	START	1730584749982
REQUEST		get user	1730584749873	1730584749985	KO	status.find.in([200, 209], 304), found 429
USER	Get Authorized User	END	1730584749985
USER	Get Authorized User	START	1730584750077
REQUEST		get user	1730584749981	1730584750085	KO	status.find.in([200, 209], 304), found 429
USER	Get Authorized User	END	1730584750086
REQUEST		get user	1730584750076	1730584750173	KO	status.find.in([200, 209], 304), found 429
USER	Get Authorized User	END	1730584750174
USER	Get Authorized User	START	1730584750184
USER	Get Authorized User	START	1730584750276
REQUEST		get user	1730584750183	1730584750287	KO	status.find.in([200, 209], 304), found 429
USER	Get Authorized User	END	1730584750287
USER	Get Authorized User	START	1730584750384
REQUEST		get user	1730584750275	1730584750405	KO	status.find.in([200, 209], 304), found 429
USER	Get Authorized User	END	1730584750406
USER	Get Authorized User	START	1730584750476
REQUEST		get user	1730584750383	1730584750499	KO	status.find.in([200, 209], 304), found 429
USER	Get Authorized User	END	1730584750500
REQUEST		get user	1730584750475	1730584750584	KO	status.find.in([200, 209], 304), found 429
USER	Get Authorized User	END	1730584750586
