RUN	io.gatling.js.JsSimulation	jssimulation	1730584003490	 	3.12.0
USER	Get Authorized User	START	1730584004152
USER	Get Authorized User	START	1730584004152
USER	Get Authorized User	START	1730584004189
USER	Get Authorized User	START	1730584004246
USER	Get Authorized User	START	1730584004293
REQUEST		get user	1730584004139	1730584004320	OK	 
REQUEST		get user	1730584004108	1730584004320	OK	 
REQUEST		get user	1730584004186	1730584004334	OK	 
USER	Get Authorized User	END	1730584004338
USER	Get Authorized User	END	1730584004338
USER	Get Authorized User	END	1730584004338
USER	Get Authorized User	START	1730584004341
USER	Get Authorized User	START	1730584004390
REQUEST		get user	1730584004245	1730584004400	OK	 
USER	Get Authorized User	END	1730584004402
REQUEST		get user	1730584004292	1730584004429	OK	 
USER	Get Authorized User	END	1730584004431
USER	Get Authorized User	START	1730584004436
REQUEST		get user	1730584004340	1730584004480	OK	 
USER	Get Authorized User	END	1730584004482
USER	Get Authorized User	START	1730584004485
REQUEST		get user	1730584004388	1730584004531	OK	 
USER	Get Authorized User	END	1730584004532
USER	Get Authorized User	START	1730584004548
REQUEST		get user	1730584004434	1730584004589	OK	 
USER	Get Authorized User	END	1730584004591
USER	Get Authorized User	START	1730584004594
USER	Get Authorized User	START	1730584004640
USER	Get Authorized User	START	1730584004688
REQUEST		get user	1730584004547	1730584004693	OK	 
USER	Get Authorized User	END	1730584004693
USER	Get Authorized User	START	1730584004749
REQUEST		get user	1730584004639	1730584004763	OK	 
REQUEST		get user	1730584004592	1730584004763	OK	 
USER	Get Authorized User	END	1730584004764
USER	Get Authorized User	END	1730584004764
USER	Get Authorized User	START	1730584004795
REQUEST		get user	1730584004687	1730584004831	OK	 
USER	Get Authorized User	END	1730584004831
USER	Get Authorized User	START	1730584004842
USER	Get Authorized User	START	1730584004888
REQUEST		get user	1730584004748	1730584004888	OK	 
USER	Get Authorized User	END	1730584004888
REQUEST		get user	1730584004482	1730584004898	OK	 
USER	Get Authorized User	END	1730584004899
REQUEST		get user	1730584004794	1730584004934	OK	 
USER	Get Authorized User	END	1730584004935
USER	Get Authorized User	START	1730584004949
REQUEST		get user	1730584004841	1730584004984	OK	 
USER	Get Authorized User	END	1730584004986
USER	Get Authorized User	START	1730584004998
REQUEST		get user	1730584004887	1730584005008	OK	 
USER	Get Authorized User	END	1730584005010
USER	Get Authorized User	START	1730584005045
USER	Get Authorized User	START	1730584005089
REQUEST		get user	1730584004949	1730584005094	OK	 
USER	Get Authorized User	END	1730584005095
REQUEST		get user	1730584004995	1730584005127	OK	 
USER	Get Authorized User	END	1730584005128
USER	Get Authorized User	START	1730584005152
REQUEST		get user	1730584005043	1730584005164	OK	 
USER	Get Authorized User	END	1730584005165
USER	Get Authorized User	START	1730584005196
REQUEST		get user	1730584005089	1730584005212	OK	 
USER	Get Authorized User	END	1730584005213
USER	Get Authorized User	START	1730584005243
REQUEST		get user	1730584005150	1730584005275	OK	 
USER	Get Authorized User	END	1730584005277
USER	Get Authorized User	START	1730584005290
REQUEST		get user	1730584005195	1730584005325	OK	 
USER	Get Authorized User	END	1730584005325
USER	Get Authorized User	START	1730584005337
REQUEST		get user	1730584005242	1730584005373	OK	 
USER	Get Authorized User	END	1730584005374
USER	Get Authorized User	START	1730584005399
REQUEST		get user	1730584005289	1730584005410	OK	 
USER	Get Authorized User	END	1730584005411
USER	Get Authorized User	START	1730584005445
REQUEST		get user	1730584005336	1730584005469	OK	 
USER	Get Authorized User	END	1730584005470
USER	Get Authorized User	START	1730584005492
REQUEST		get user	1730584005398	1730584005517	OK	 
USER	Get Authorized User	END	1730584005518
USER	Get Authorized User	START	1730584005538
REQUEST		get user	1730584005445	1730584005590	OK	 
USER	Get Authorized User	END	1730584005592
USER	Get Authorized User	START	1730584005602
REQUEST		get user	1730584005491	1730584005614	OK	 
USER	Get Authorized User	END	1730584005616
USER	Get Authorized User	START	1730584005647
REQUEST		get user	1730584005538	1730584005664	OK	 
USER	Get Authorized User	END	1730584005666
USER	Get Authorized User	START	1730584005692
REQUEST		get user	1730584005600	1730584005727	OK	 
USER	Get Authorized User	END	1730584005729
USER	Get Authorized User	START	1730584005739
REQUEST		get user	1730584005646	1730584005774	OK	 
USER	Get Authorized User	END	1730584005776
USER	Get Authorized User	START	1730584005801
REQUEST		get user	1730584005691	1730584005823	OK	 
USER	Get Authorized User	END	1730584005825
USER	Get Authorized User	START	1730584005848
REQUEST		get user	1730584005738	1730584005868	OK	 
USER	Get Authorized User	END	1730584005869
USER	Get Authorized User	START	1730584005891
USER	Get Authorized User	START	1730584005938
REQUEST		get user	1730584005800	1730584005952	OK	 
USER	Get Authorized User	END	1730584005953
REQUEST		get user	1730584005846	1730584005967	OK	 
USER	Get Authorized User	END	1730584005967
USER	Get Authorized User	START	1730584006000
REQUEST		get user	1730584005891	1730584006009	OK	 
USER	Get Authorized User	END	1730584006010
USER	Get Authorized User	START	1730584006047
REQUEST		get user	1730584005938	1730584006059	OK	 
USER	Get Authorized User	END	1730584006060
USER	Get Authorized User	START	1730584006092
REQUEST		get user	1730584006000	1730584006122	OK	 
USER	Get Authorized User	END	1730584006123
USER	Get Authorized User	START	1730584006141
REQUEST		get user	1730584006047	1730584006177	OK	 
USER	Get Authorized User	END	1730584006178
USER	Get Authorized User	START	1730584006186
REQUEST		get user	1730584006092	1730584006211	OK	 
USER	Get Authorized User	END	1730584006212
USER	Get Authorized User	START	1730584006233
REQUEST		get user	1730584006140	1730584006265	OK	 
USER	Get Authorized User	END	1730584006265
USER	Get Authorized User	START	1730584006283
REQUEST		get user	1730584006185	1730584006309	OK	 
USER	Get Authorized User	END	1730584006310
USER	Get Authorized User	START	1730584006343
REQUEST		get user	1730584006232	1730584006358	OK	 
USER	Get Authorized User	END	1730584006359
USER	Get Authorized User	START	1730584006389
REQUEST		get user	1730584006282	1730584006407	OK	 
USER	Get Authorized User	END	1730584006409
USER	Get Authorized User	START	1730584006436
REQUEST		get user	1730584006342	1730584006469	OK	 
USER	Get Authorized User	END	1730584006469
USER	Get Authorized User	START	1730584006482
REQUEST		get user	1730584006388	1730584006526	OK	 
USER	Get Authorized User	END	1730584006527
USER	Get Authorized User	START	1730584006543
USER	Get Authorized User	START	1730584006589
REQUEST		get user	1730584006481	1730584006608	OK	 
USER	Get Authorized User	END	1730584006610
USER	Get Authorized User	START	1730584006639
REQUEST		get user	1730584006542	1730584006664	OK	 
USER	Get Authorized User	END	1730584006665
USER	Get Authorized User	START	1730584006683
REQUEST		get user	1730584006435	1730584006691	OK	 
USER	Get Authorized User	END	1730584006693
REQUEST		get user	1730584006588	1730584006718	OK	 
USER	Get Authorized User	END	1730584006720
USER	Get Authorized User	START	1730584006731
REQUEST		get user	1730584006636	1730584006764	OK	 
USER	Get Authorized User	END	1730584006765
USER	Get Authorized User	START	1730584006792
REQUEST		get user	1730584006682	1730584006807	OK	 
USER	Get Authorized User	END	1730584006808
USER	Get Authorized User	START	1730584006839
REQUEST		get user	1730584006730	1730584006872	OK	 
USER	Get Authorized User	END	1730584006874
USER	Get Authorized User	START	1730584006884
USER	Get Authorized User	START	1730584006931
REQUEST		get user	1730584006791	1730584006932	OK	 
USER	Get Authorized User	END	1730584006934
REQUEST		get user	1730584006838	1730584006961	OK	 
USER	Get Authorized User	END	1730584006963
USER	Get Authorized User	START	1730584006992
REQUEST		get user	1730584006883	1730584007019	OK	 
USER	Get Authorized User	END	1730584007021
USER	Get Authorized User	START	1730584007039
REQUEST		get user	1730584006930	1730584007057	OK	 
USER	Get Authorized User	END	1730584007058
USER	Get Authorized User	START	1730584007083
REQUEST		get user	1730584006991	1730584007116	OK	 
USER	Get Authorized User	END	1730584007117
USER	Get Authorized User	START	1730584007129
REQUEST		get user	1730584007037	1730584007158	OK	 
USER	Get Authorized User	END	1730584007158
USER	Get Authorized User	START	1730584007191
REQUEST		get user	1730584007083	1730584007200	OK	 
USER	Get Authorized User	END	1730584007201
USER	Get Authorized User	START	1730584007236
REQUEST		get user	1730584007129	1730584007264	OK	 
USER	Get Authorized User	END	1730584007265
USER	Get Authorized User	START	1730584007282
REQUEST		get user	1730584007190	1730584007308	OK	 
USER	Get Authorized User	END	1730584007309
USER	Get Authorized User	START	1730584007328
REQUEST		get user	1730584007236	1730584007361	OK	 
USER	Get Authorized User	END	1730584007363
USER	Get Authorized User	START	1730584007391
REQUEST		get user	1730584007282	1730584007405	OK	 
USER	Get Authorized User	END	1730584007407
USER	Get Authorized User	START	1730584007437
REQUEST		get user	1730584007328	1730584007455	OK	 
USER	Get Authorized User	END	1730584007456
USER	Get Authorized User	START	1730584007483
REQUEST		get user	1730584007390	1730584007516	OK	 
USER	Get Authorized User	END	1730584007518
USER	Get Authorized User	START	1730584007532
REQUEST		get user	1730584007436	1730584007557	OK	 
USER	Get Authorized User	END	1730584007559
USER	Get Authorized User	START	1730584007591
REQUEST		get user	1730584007483	1730584007616	OK	 
USER	Get Authorized User	END	1730584007617
USER	Get Authorized User	START	1730584007638
REQUEST		get user	1730584007531	1730584007659	OK	 
USER	Get Authorized User	END	1730584007660
USER	Get Authorized User	START	1730584007685
USER	Get Authorized User	START	1730584007732
REQUEST		get user	1730584007590	1730584007739	OK	 
USER	Get Authorized User	END	1730584007739
REQUEST		get user	1730584007637	1730584007762	OK	 
USER	Get Authorized User	END	1730584007762
USER	Get Authorized User	START	1730584007793
REQUEST		get user	1730584007685	1730584007813	OK	 
USER	Get Authorized User	END	1730584007815
USER	Get Authorized User	START	1730584007840
REQUEST		get user	1730584007731	1730584007859	OK	 
USER	Get Authorized User	END	1730584007861
USER	Get Authorized User	START	1730584007885
USER	Get Authorized User	START	1730584007933
REQUEST		get user	1730584007792	1730584007937	OK	 
USER	Get Authorized User	END	1730584007938
REQUEST		get user	1730584007839	1730584007976	OK	 
USER	Get Authorized User	END	1730584007977
USER	Get Authorized User	START	1730584007994
REQUEST		get user	1730584007884	1730584008004	OK	 
USER	Get Authorized User	END	1730584008005
USER	Get Authorized User	START	1730584008040
REQUEST		get user	1730584007932	1730584008050	OK	 
USER	Get Authorized User	END	1730584008051
USER	Get Authorized User	START	1730584008088
REQUEST		get user	1730584007993	1730584008120	OK	 
USER	Get Authorized User	END	1730584008121
USER	Get Authorized User	START	1730584008133
REQUEST		get user	1730584008039	1730584008165	OK	 
USER	Get Authorized User	END	1730584008165
USER	Get Authorized User	START	1730584008182
REQUEST		get user	1730584008087	1730584008208	OK	 
USER	Get Authorized User	END	1730584008210
USER	Get Authorized User	START	1730584008244
REQUEST		get user	1730584008133	1730584008257	OK	 
USER	Get Authorized User	END	1730584008259
USER	Get Authorized User	START	1730584008288
REQUEST		get user	1730584008181	1730584008312	OK	 
USER	Get Authorized User	END	1730584008313
USER	Get Authorized User	START	1730584008334
REQUEST		get user	1730584008242	1730584008375	OK	 
USER	Get Authorized User	END	1730584008376
USER	Get Authorized User	START	1730584008380
REQUEST		get user	1730584008287	1730584008420	OK	 
USER	Get Authorized User	END	1730584008421
USER	Get Authorized User	START	1730584008442
REQUEST		get user	1730584008333	1730584008470	OK	 
USER	Get Authorized User	END	1730584008471
USER	Get Authorized User	START	1730584008490
REQUEST		get user	1730584008380	1730584008499	OK	 
USER	Get Authorized User	END	1730584008500
USER	Get Authorized User	START	1730584008537
REQUEST		get user	1730584008441	1730584008568	OK	 
USER	Get Authorized User	END	1730584008568
USER	Get Authorized User	START	1730584008583
USER	Get Authorized User	START	1730584008630
REQUEST		get user	1730584008489	1730584008634	OK	 
USER	Get Authorized User	END	1730584008636
REQUEST		get user	1730584008536	1730584008672	OK	 
USER	Get Authorized User	END	1730584008673
USER	Get Authorized User	START	1730584008690
REQUEST		get user	1730584008583	1730584008705	OK	 
USER	Get Authorized User	END	1730584008706
USER	Get Authorized User	START	1730584008736
REQUEST		get user	1730584008629	1730584008778	OK	 
USER	Get Authorized User	END	1730584008780
USER	Get Authorized User	START	1730584008784
REQUEST		get user	1730584008689	1730584008808	OK	 
USER	Get Authorized User	END	1730584008809
USER	Get Authorized User	START	1730584008829
REQUEST		get user	1730584008736	1730584008868	OK	 
USER	Get Authorized User	END	1730584008869
USER	Get Authorized User	START	1730584008891
REQUEST		get user	1730584008783	1730584008901	OK	 
USER	Get Authorized User	END	1730584008902
USER	Get Authorized User	START	1730584008937
REQUEST		get user	1730584008828	1730584008955	OK	 
USER	Get Authorized User	END	1730584008956
USER	Get Authorized User	START	1730584008983
REQUEST		get user	1730584008890	1730584009015	OK	 
USER	Get Authorized User	END	1730584009017
USER	Get Authorized User	START	1730584009045
REQUEST		get user	1730584008936	1730584009057	OK	 
USER	Get Authorized User	END	1730584009059
USER	Get Authorized User	START	1730584009090
REQUEST		get user	1730584008982	1730584009110	OK	 
USER	Get Authorized User	END	1730584009110
USER	Get Authorized User	START	1730584009135
REQUEST		get user	1730584009044	1730584009167	OK	 
USER	Get Authorized User	END	1730584009168
USER	Get Authorized User	START	1730584009182
REQUEST		get user	1730584009090	1730584009184	KO	status.find.in([200, 209], 304), found 429
USER	Get Authorized User	END	1730584009187
REQUEST		get user	1730584009135	1730584009229	KO	status.find.in([200, 209], 304), found 429
USER	Get Authorized User	END	1730584009229
USER	Get Authorized User	START	1730584009243
REQUEST		get user	1730584009181	1730584009280	KO	status.find.in([200, 209], 304), found 429
USER	Get Authorized User	END	1730584009281
USER	Get Authorized User	START	1730584009289
USER	Get Authorized User	START	1730584009336
REQUEST		get user	1730584009243	1730584009340	KO	status.find.in([200, 209], 304), found 429
USER	Get Authorized User	END	1730584009341
USER	Get Authorized User	START	1730584009380
REQUEST		get user	1730584009288	1730584009389	KO	status.find.in([200, 209], 304), found 429
USER	Get Authorized User	END	1730584009389
REQUEST		get user	1730584009335	1730584009435	KO	status.find.in([200, 209], 304), found 429
USER	Get Authorized User	END	1730584009436
USER	Get Authorized User	START	1730584009442
REQUEST		get user	1730584009380	1730584009481	KO	status.find.in([200, 209], 304), found 429
USER	Get Authorized User	END	1730584009483
USER	Get Authorized User	START	1730584009487
USER	Get Authorized User	START	1730584009532
REQUEST		get user	1730584009441	1730584009550	KO	status.find.in([200, 209], 304), found 429
USER	Get Authorized User	END	1730584009551
USER	Get Authorized User	START	1730584009581
REQUEST		get user	1730584009486	1730584009591	KO	status.find.in([200, 209], 304), found 429
USER	Get Authorized User	END	1730584009592
REQUEST		get user	1730584009532	1730584009627	KO	status.find.in([200, 209], 304), found 429
USER	Get Authorized User	END	1730584009629
USER	Get Authorized User	START	1730584009641
USER	Get Authorized User	START	1730584009686
REQUEST		get user	1730584009580	1730584009694	KO	status.find.in([200, 209], 304), found 429
USER	Get Authorized User	END	1730584009695
USER	Get Authorized User	START	1730584009733
REQUEST		get user	1730584009641	1730584009737	KO	status.find.in([200, 209], 304), found 429
USER	Get Authorized User	END	1730584009737
REQUEST		get user	1730584009686	1730584009783	KO	status.find.in([200, 209], 304), found 429
USER	Get Authorized User	END	1730584009783
USER	Get Authorized User	START	1730584009794
REQUEST		get user	1730584009732	1730584009836	KO	status.find.in([200, 209], 304), found 429
USER	Get Authorized User	END	1730584009838
USER	Get Authorized User	START	1730584009841
USER	Get Authorized User	START	1730584009885
REQUEST		get user	1730584009793	1730584009888	KO	status.find.in([200, 209], 304), found 429
USER	Get Authorized User	END	1730584009889
USER	Get Authorized User	START	1730584009933
REQUEST		get user	1730584009840	1730584009939	KO	status.find.in([200, 209], 304), found 429
USER	Get Authorized User	END	1730584009941
REQUEST		get user	1730584009885	1730584009983	KO	status.find.in([200, 209], 304), found 429
USER	Get Authorized User	END	1730584009984
USER	Get Authorized User	START	1730584009994
REQUEST		get user	1730584009932	1730584010039	KO	status.find.in([200, 209], 304), found 429
USER	Get Authorized User	START	1730584010040
USER	Get Authorized User	END	1730584010040
USER	Get Authorized User	START	1730584010087
REQUEST		get user	1730584009993	1730584010095	KO	status.find.in([200, 209], 304), found 429
USER	Get Authorized User	END	1730584010096
USER	Get Authorized User	START	1730584010134
REQUEST		get user	1730584010039	1730584010141	KO	status.find.in([200, 209], 304), found 429
USER	Get Authorized User	END	1730584010142
REQUEST		get user	1730584010086	1730584010180	KO	status.find.in([200, 209], 304), found 429
USER	Get Authorized User	START	1730584010180
USER	Get Authorized User	END	1730584010180
REQUEST		get user	1730584010133	1730584010229	KO	status.find.in([200, 209], 304), found 429
USER	Get Authorized User	END	1730584010231
USER	Get Authorized User	START	1730584010243
REQUEST		get user	1730584010180	1730584010277	KO	status.find.in([200, 209], 304), found 429
USER	Get Authorized User	END	1730584010279
USER	Get Authorized User	START	1730584010288
USER	Get Authorized User	START	1730584010335
REQUEST		get user	1730584010242	1730584010345	KO	status.find.in([200, 209], 304), found 429
USER	Get Authorized User	END	1730584010347
USER	Get Authorized User	START	1730584010380
REQUEST		get user	1730584010287	1730584010390	KO	status.find.in([200, 209], 304), found 429
USER	Get Authorized User	END	1730584010391
REQUEST		get user	1730584010333	1730584010438	KO	status.find.in([200, 209], 304), found 429
USER	Get Authorized User	END	1730584010439
USER	Get Authorized User	START	1730584010441
USER	Get Authorized User	START	1730584010488
REQUEST		get user	1730584010379	1730584010498	KO	status.find.in([200, 209], 304), found 429
USER	Get Authorized User	END	1730584010501
USER	Get Authorized User	START	1730584010535
REQUEST		get user	1730584010440	1730584010548	KO	status.find.in([200, 209], 304), found 429
USER	Get Authorized User	END	1730584010550
USER	Get Authorized User	START	1730584010579
REQUEST		get user	1730584010487	1730584010611	KO	status.find.in([200, 209], 304), found 429
USER	Get Authorized User	END	1730584010613
REQUEST		get user	1730584010534	1730584010632	KO	status.find.in([200, 209], 304), found 429
USER	Get Authorized User	END	1730584010633
USER	Get Authorized User	START	1730584010641
REQUEST		get user	1730584010579	1730584010680	KO	status.find.in([200, 209], 304), found 429
USER	Get Authorized User	END	1730584010681
USER	Get Authorized User	START	1730584010686
USER	Get Authorized User	START	1730584010733
REQUEST		get user	1730584010640	1730584010740	KO	status.find.in([200, 209], 304), found 429
USER	Get Authorized User	END	1730584010742
REQUEST		get user	1730584010685	1730584010783	KO	status.find.in([200, 209], 304), found 429
USER	Get Authorized User	END	1730584010783
USER	Get Authorized User	START	1730584010793
REQUEST		get user	1730584010732	1730584010829	KO	status.find.in([200, 209], 304), found 429
USER	Get Authorized User	END	1730584010830
USER	Get Authorized User	START	1730584010839
USER	Get Authorized User	START	1730584010886
REQUEST		get user	1730584010793	1730584010902	KO	status.find.in([200, 209], 304), found 429
USER	Get Authorized User	END	1730584010903
USER	Get Authorized User	START	1730584010933
REQUEST		get user	1730584010839	1730584010945	KO	status.find.in([200, 209], 304), found 429
USER	Get Authorized User	END	1730584010946
USER	Get Authorized User	START	1730584010980
REQUEST		get user	1730584010885	1730584010991	KO	status.find.in([200, 209], 304), found 429
USER	Get Authorized User	END	1730584010991
USER	Get Authorized User	START	1730584011041
REQUEST		get user	1730584010933	1730584011048	KO	status.find.in([200, 209], 304), found 429
USER	Get Authorized User	END	1730584011049
REQUEST		get user	1730584010979	1730584011084	KO	status.find.in([200, 209], 304), found 429
USER	Get Authorized User	END	1730584011086
USER	Get Authorized User	START	1730584011088
USER	Get Authorized User	START	1730584011133
REQUEST		get user	1730584011041	1730584011149	KO	status.find.in([200, 209], 304), found 429
USER	Get Authorized User	END	1730584011150
USER	Get Authorized User	START	1730584011179
REQUEST		get user	1730584011087	1730584011200	KO	status.find.in([200, 209], 304), found 429
USER	Get Authorized User	END	1730584011201
REQUEST		get user	1730584011132	1730584011239	KO	status.find.in([200, 209], 304), found 429
USER	Get Authorized User	END	1730584011239
USER	Get Authorized User	START	1730584011242
REQUEST		get user	1730584011179	1730584011274	KO	status.find.in([200, 209], 304), found 429
USER	Get Authorized User	END	1730584011276
USER	Get Authorized User	START	1730584011290
USER	Get Authorized User	START	1730584011336
REQUEST		get user	1730584011241	1730584011340	KO	status.find.in([200, 209], 304), found 429
USER	Get Authorized User	END	1730584011341
USER	Get Authorized User	START	1730584011382
REQUEST		get user	1730584011289	1730584011394	KO	status.find.in([200, 209], 304), found 429
USER	Get Authorized User	END	1730584011394
REQUEST		get user	1730584011335	1730584011441	KO	status.find.in([200, 209], 304), found 429
USER	Get Authorized User	END	1730584011442
USER	Get Authorized User	START	1730584011443
USER	Get Authorized User	START	1730584011490
REQUEST		get user	1730584011381	1730584011491	KO	status.find.in([200, 209], 304), found 429
USER	Get Authorized User	END	1730584011491
USER	Get Authorized User	START	1730584011538
REQUEST		get user	1730584011443	1730584011553	KO	status.find.in([200, 209], 304), found 429
USER	Get Authorized User	END	1730584011554
USER	Get Authorized User	START	1730584011584
REQUEST		get user	1730584011490	1730584011590	KO	status.find.in([200, 209], 304), found 429
USER	Get Authorized User	END	1730584011591
USER	Get Authorized User	START	1730584011630
REQUEST		get user	1730584011537	1730584011641	KO	status.find.in([200, 209], 304), found 429
USER	Get Authorized User	END	1730584011642
REQUEST		get user	1730584011583	1730584011685	KO	status.find.in([200, 209], 304), found 429
USER	Get Authorized User	END	1730584011687
USER	Get Authorized User	START	1730584011693
REQUEST		get user	1730584011630	1730584011730	KO	status.find.in([200, 209], 304), found 429
USER	Get Authorized User	END	1730584011731
USER	Get Authorized User	START	1730584011739
USER	Get Authorized User	START	1730584011784
REQUEST		get user	1730584011692	1730584011792	KO	status.find.in([200, 209], 304), found 429
USER	Get Authorized User	END	1730584011794
USER	Get Authorized User	START	1730584011830
REQUEST		get user	1730584011738	1730584011845	KO	status.find.in([200, 209], 304), found 429
USER	Get Authorized User	END	1730584011847
USER	Get Authorized User	START	1730584011891
REQUEST		get user	1730584011784	1730584011891	KO	status.find.in([200, 209], 304), found 429
USER	Get Authorized User	END	1730584011893
REQUEST		get user	1730584011829	1730584011930	KO	status.find.in([200, 209], 304), found 429
USER	Get Authorized User	END	1730584011932
USER	Get Authorized User	START	1730584011937
USER	Get Authorized User	START	1730584011983
REQUEST		get user	1730584011890	1730584011995	KO	status.find.in([200, 209], 304), found 429
USER	Get Authorized User	END	1730584011997
USER	Get Authorized User	START	1730584012044
REQUEST		get user	1730584011936	1730584012045	KO	status.find.in([200, 209], 304), found 429
USER	Get Authorized User	END	1730584012045
USER	Get Authorized User	START	1730584012091
REQUEST		get user	1730584011982	1730584012090	KO	status.find.in([200, 209], 304), found 429
USER	Get Authorized User	END	1730584012092
USER	Get Authorized User	START	1730584012137
REQUEST		get user	1730584012044	1730584012154	KO	status.find.in([200, 209], 304), found 429
USER	Get Authorized User	END	1730584012155
USER	Get Authorized User	START	1730584012184
REQUEST		get user	1730584012090	1730584012194	KO	status.find.in([200, 209], 304), found 429
USER	Get Authorized User	END	1730584012195
USER	Get Authorized User	START	1730584012229
REQUEST		get user	1730584012136	1730584012246	KO	status.find.in([200, 209], 304), found 429
USER	Get Authorized User	END	1730584012247
REQUEST		get user	1730584012183	1730584012280	KO	status.find.in([200, 209], 304), found 429
USER	Get Authorized User	END	1730584012282
USER	Get Authorized User	START	1730584012293
REQUEST		get user	1730584012229	1730584012323	KO	status.find.in([200, 209], 304), found 429
USER	Get Authorized User	END	1730584012325
USER	Get Authorized User	START	1730584012340
USER	Get Authorized User	START	1730584012388
REQUEST		get user	1730584012292	1730584012396	KO	status.find.in([200, 209], 304), found 429
USER	Get Authorized User	END	1730584012396
USER	Get Authorized User	START	1730584012435
REQUEST		get user	1730584012339	1730584012445	KO	status.find.in([200, 209], 304), found 429
USER	Get Authorized User	END	1730584012446
USER	Get Authorized User	START	1730584012482
REQUEST		get user	1730584012387	1730584012482	KO	status.find.in([200, 209], 304), found 429
USER	Get Authorized User	END	1730584012483
USER	Get Authorized User	START	1730584012544
REQUEST		get user	1730584012435	1730584012545	KO	status.find.in([200, 209], 304), found 429
USER	Get Authorized User	END	1730584012546
REQUEST		get user	1730584012481	1730584012577	KO	status.find.in([200, 209], 304), found 429
USER	Get Authorized User	END	1730584012578
USER	Get Authorized User	START	1730584012589
USER	Get Authorized User	START	1730584012635
REQUEST		get user	1730584012543	1730584012639	KO	status.find.in([200, 209], 304), found 429
USER	Get Authorized User	END	1730584012640
USER	Get Authorized User	START	1730584012682
REQUEST		get user	1730584012589	1730584012692	KO	status.find.in([200, 209], 304), found 429
USER	Get Authorized User	END	1730584012694
REQUEST		get user	1730584012634	1730584012741	KO	status.find.in([200, 209], 304), found 429
USER	Get Authorized User	END	1730584012742
USER	Get Authorized User	START	1730584012745
REQUEST		get user	1730584012682	1730584012786	KO	status.find.in([200, 209], 304), found 429
USER	Get Authorized User	END	1730584012787
USER	Get Authorized User	START	1730584012791
USER	Get Authorized User	START	1730584012837
REQUEST		get user	1730584012744	1730584012846	KO	status.find.in([200, 209], 304), found 429
USER	Get Authorized User	END	1730584012847
USER	Get Authorized User	START	1730584012884
REQUEST		get user	1730584012790	1730584012903	KO	status.find.in([200, 209], 304), found 429
USER	Get Authorized User	END	1730584012903
USER	Get Authorized User	START	1730584012931
REQUEST		get user	1730584012836	1730584012933	KO	status.find.in([200, 209], 304), found 429
USER	Get Authorized User	END	1730584012934
REQUEST		get user	1730584012884	1730584012984	KO	status.find.in([200, 209], 304), found 429
USER	Get Authorized User	END	1730584012985
USER	Get Authorized User	START	1730584012993
REQUEST		get user	1730584012931	1730584013026	KO	status.find.in([200, 209], 304), found 429
USER	Get Authorized User	END	1730584013028
USER	Get Authorized User	START	1730584013038
USER	Get Authorized User	START	1730584013086
REQUEST		get user	1730584012992	1730584013093	KO	status.find.in([200, 209], 304), found 429
USER	Get Authorized User	END	1730584013094
USER	Get Authorized User	START	1730584013131
REQUEST		get user	1730584013038	1730584013137	KO	status.find.in([200, 209], 304), found 429
USER	Get Authorized User	END	1730584013138
REQUEST		get user	1730584013085	1730584013189	KO	status.find.in([200, 209], 304), found 429
USER	Get Authorized User	END	1730584013189
USER	Get Authorized User	START	1730584013192
REQUEST		get user	1730584013131	1730584013231	KO	status.find.in([200, 209], 304), found 429
USER	Get Authorized User	END	1730584013231
USER	Get Authorized User	START	1730584013240
USER	Get Authorized User	START	1730584013286
REQUEST		get user	1730584013192	1730584013295	KO	status.find.in([200, 209], 304), found 429
USER	Get Authorized User	END	1730584013295
USER	Get Authorized User	START	1730584013331
REQUEST		get user	1730584013239	1730584013335	KO	status.find.in([200, 209], 304), found 429
USER	Get Authorized User	END	1730584013336
USER	Get Authorized User	START	1730584013378
REQUEST		get user	1730584013285	1730584013378	KO	status.find.in([200, 209], 304), found 429
USER	Get Authorized User	END	1730584013379
REQUEST		get user	1730584013330	1730584013428	KO	status.find.in([200, 209], 304), found 429
USER	Get Authorized User	END	1730584013429
USER	Get Authorized User	START	1730584013441
REQUEST		get user	1730584013378	1730584013474	KO	status.find.in([200, 209], 304), found 429
USER	Get Authorized User	END	1730584013476
USER	Get Authorized User	START	1730584013489
USER	Get Authorized User	START	1730584013536
REQUEST		get user	1730584013440	1730584013540	KO	status.find.in([200, 209], 304), found 429
USER	Get Authorized User	END	1730584013540
USER	Get Authorized User	START	1730584013582
REQUEST		get user	1730584013488	1730584013598	KO	status.find.in([200, 209], 304), found 429
USER	Get Authorized User	END	1730584013599
REQUEST		get user	1730584013535	1730584013639	KO	status.find.in([200, 209], 304), found 429
USER	Get Authorized User	END	1730584013640
USER	Get Authorized User	START	1730584013644
REQUEST		get user	1730584013581	1730584013680	KO	status.find.in([200, 209], 304), found 429
USER	Get Authorized User	END	1730584013682
USER	Get Authorized User	START	1730584013688
USER	Get Authorized User	START	1730584013734
REQUEST		get user	1730584013643	1730584013748	KO	status.find.in([200, 209], 304), found 429
USER	Get Authorized User	END	1730584013749
USER	Get Authorized User	START	1730584013781
REQUEST		get user	1730584013688	1730584013787	KO	status.find.in([200, 209], 304), found 429
USER	Get Authorized User	END	1730584013789
REQUEST		get user	1730584013733	1730584013841	KO	status.find.in([200, 209], 304), found 429
USER	Get Authorized User	START	1730584013842
USER	Get Authorized User	END	1730584013843
REQUEST		get user	1730584013780	1730584013884	KO	status.find.in([200, 209], 304), found 429
USER	Get Authorized User	END	1730584013885
USER	Get Authorized User	START	1730584013888
USER	Get Authorized User	START	1730584013935
REQUEST		get user	1730584013841	1730584013949	KO	status.find.in([200, 209], 304), found 429
USER	Get Authorized User	END	1730584013951
REQUEST		get user	1730584013887	1730584013991	KO	status.find.in([200, 209], 304), found 429
USER	Get Authorized User	END	1730584013992
USER	Get Authorized User	START	1730584013995
REQUEST		get user	1730584013934	1730584014034	KO	status.find.in([200, 209], 304), found 429
USER	Get Authorized User	END	1730584014036
USER	Get Authorized User	START	1730584014041
USER	Get Authorized User	START	1730584014086
REQUEST		get user	1730584013993	1730584014097	KO	status.find.in([200, 209], 304), found 429
USER	Get Authorized User	END	1730584014098
USER	Get Authorized User	START	1730584014131
REQUEST		get user	1730584014040	1730584014145	KO	status.find.in([200, 209], 304), found 429
USER	Get Authorized User	END	1730584014145
REQUEST		get user	1730584014086	1730584014181	KO	status.find.in([200, 209], 304), found 429
USER	Get Authorized User	END	1730584014181
USER	Get Authorized User	START	1730584014192
REQUEST		get user	1730584014131	1730584014232	KO	status.find.in([200, 209], 304), found 429
USER	Get Authorized User	END	1730584014232
USER	Get Authorized User	START	1730584014239
USER	Get Authorized User	START	1730584014284
REQUEST		get user	1730584014192	1730584014301	KO	status.find.in([200, 209], 304), found 429
USER	Get Authorized User	END	1730584014302
USER	Get Authorized User	START	1730584014331
REQUEST		get user	1730584014238	1730584014335	KO	status.find.in([200, 209], 304), found 429
USER	Get Authorized User	END	1730584014336
REQUEST		get user	1730584014284	1730584014383	KO	status.find.in([200, 209], 304), found 429
USER	Get Authorized User	END	1730584014384
USER	Get Authorized User	START	1730584014393
USER	Get Authorized User	START	1730584014440
REQUEST		get user	1730584014331	1730584014444	KO	status.find.in([200, 209], 304), found 429
USER	Get Authorized User	END	1730584014445
USER	Get Authorized User	START	1730584014487
REQUEST		get user	1730584014392	1730584014487	KO	status.find.in([200, 209], 304), found 429
USER	Get Authorized User	END	1730584014488
USER	Get Authorized User	START	1730584014532
REQUEST		get user	1730584014440	1730584014594	KO	status.find.in([200, 209], 304), found 429
USER	Get Authorized User	START	1730584014595
USER	Get Authorized User	END	1730584014596
REQUEST		get user	1730584014486	1730584014619	KO	status.find.in([200, 209], 304), found 429
USER	Get Authorized User	END	1730584014620
REQUEST		get user	1730584014532	1730584014632	KO	status.find.in([200, 209], 304), found 429
USER	Get Authorized User	END	1730584014633
USER	Get Authorized User	START	1730584014641
USER	Get Authorized User	START	1730584014688
REQUEST		get user	1730584014594	1730584014707	KO	status.find.in([200, 209], 304), found 429
USER	Get Authorized User	END	1730584014708
USER	Get Authorized User	START	1730584014734
REQUEST		get user	1730584014641	1730584014741	KO	status.find.in([200, 209], 304), found 429
USER	Get Authorized User	END	1730584014742
REQUEST		get user	1730584014687	1730584014794	KO	status.find.in([200, 209], 304), found 429
USER	Get Authorized User	END	1730584014795
USER	Get Authorized User	START	1730584014795
REQUEST		get user	1730584014733	1730584014837	KO	status.find.in([200, 209], 304), found 429
USER	Get Authorized User	END	1730584014838
USER	Get Authorized User	START	1730584014842
USER	Get Authorized User	START	1730584014888
REQUEST		get user	1730584014795	1730584014921	KO	status.find.in([200, 209], 304), found 429
USER	Get Authorized User	END	1730584014922
USER	Get Authorized User	START	1730584014935
REQUEST		get user	1730584014841	1730584014936	KO	status.find.in([200, 209], 304), found 429
USER	Get Authorized User	END	1730584014936
USER	Get Authorized User	START	1730584014981
REQUEST		get user	1730584014888	1730584014985	KO	status.find.in([200, 209], 304), found 429
USER	Get Authorized User	END	1730584014986
REQUEST		get user	1730584014935	1730584015029	KO	status.find.in([200, 209], 304), found 429
USER	Get Authorized User	END	1730584015029
USER	Get Authorized User	START	1730584015044
USER	Get Authorized User	START	1730584015089
REQUEST		get user	1730584014980	1730584015096	KO	status.find.in([200, 209], 304), found 429
USER	Get Authorized User	END	1730584015096
USER	Get Authorized User	START	1730584015136
USER	Get Authorized User	START	1730584015183
REQUEST		get user	1730584015089	1730584015194	KO	status.find.in([200, 209], 304), found 429
USER	Get Authorized User	END	1730584015195
REQUEST		get user	1730584015043	1730584015197	KO	status.find.in([200, 209], 304), found 429
USER	Get Authorized User	END	1730584015198
USER	Get Authorized User	START	1730584015229
REQUEST		get user	1730584015136	1730584015252	KO	status.find.in([200, 209], 304), found 429
USER	Get Authorized User	END	1730584015253
REQUEST		get user	1730584015182	1730584015282	KO	status.find.in([200, 209], 304), found 429
USER	Get Authorized User	END	1730584015284
USER	Get Authorized User	START	1730584015292
REQUEST		get user	1730584015228	1730584015327	KO	status.find.in([200, 209], 304), found 429
USER	Get Authorized User	END	1730584015328
USER	Get Authorized User	START	1730584015339
USER	Get Authorized User	START	1730584015387
REQUEST		get user	1730584015291	1730584015415	KO	status.find.in([200, 209], 304), found 429
USER	Get Authorized User	END	1730584015417
USER	Get Authorized User	START	1730584015431
REQUEST		get user	1730584015337	1730584015479	KO	status.find.in([200, 209], 304), found 429
USER	Get Authorized User	END	1730584015481
USER	Get Authorized User	START	1730584015494
REQUEST		get user	1730584015385	1730584015497	KO	status.find.in([200, 209], 304), found 429
USER	Get Authorized User	END	1730584015499
REQUEST		get user	1730584015431	1730584015530	KO	status.find.in([200, 209], 304), found 429
USER	Get Authorized User	END	1730584015530
USER	Get Authorized User	START	1730584015539
USER	Get Authorized User	START	1730584015585
REQUEST		get user	1730584015493	1730584015594	KO	status.find.in([200, 209], 304), found 429
USER	Get Authorized User	END	1730584015595
USER	Get Authorized User	START	1730584015632
REQUEST		get user	1730584015539	1730584015659	KO	status.find.in([200, 209], 304), found 429
USER	Get Authorized User	END	1730584015660
REQUEST		get user	1730584015585	1730584015685	KO	status.find.in([200, 209], 304), found 429
USER	Get Authorized User	END	1730584015686
USER	Get Authorized User	START	1730584015692
REQUEST		get user	1730584015631	1730584015738	KO	status.find.in([200, 209], 304), found 429
USER	Get Authorized User	START	1730584015739
USER	Get Authorized User	END	1730584015739
USER	Get Authorized User	START	1730584015785
REQUEST		get user	1730584015691	1730584015788	KO	status.find.in([200, 209], 304), found 429
USER	Get Authorized User	END	1730584015789
USER	Get Authorized User	START	1730584015831
REQUEST		get user	1730584015738	1730584015833	KO	status.find.in([200, 209], 304), found 429
USER	Get Authorized User	END	1730584015833
REQUEST		get user	1730584015784	1730584015879	KO	status.find.in([200, 209], 304), found 429
USER	Get Authorized User	END	1730584015880
USER	Get Authorized User	START	1730584015893
REQUEST		get user	1730584015830	1730584015926	KO	status.find.in([200, 209], 304), found 429
USER	Get Authorized User	END	1730584015926
USER	Get Authorized User	START	1730584015937
USER	Get Authorized User	START	1730584015985
REQUEST		get user	1730584015892	1730584015993	KO	status.find.in([200, 209], 304), found 429
USER	Get Authorized User	END	1730584015994
USER	Get Authorized User	START	1730584016031
REQUEST		get user	1730584015937	1730584016033	KO	status.find.in([200, 209], 304), found 429
USER	Get Authorized User	END	1730584016034
REQUEST		get user	1730584015984	1730584016083	KO	status.find.in([200, 209], 304), found 429
USER	Get Authorized User	END	1730584016084
USER	Get Authorized User	START	1730584016094
REQUEST		get user	1730584016030	1730584016131	KO	status.find.in([200, 209], 304), found 429
USER	Get Authorized User	END	1730584016132
USER	Get Authorized User	START	1730584016142
USER	Get Authorized User	START	1730584016187
REQUEST		get user	1730584016093	1730584016205	KO	status.find.in([200, 209], 304), found 429
USER	Get Authorized User	END	1730584016206
USER	Get Authorized User	START	1730584016234
REQUEST		get user	1730584016140	1730584016239	KO	status.find.in([200, 209], 304), found 429
USER	Get Authorized User	END	1730584016240
USER	Get Authorized User	START	1730584016280
REQUEST		get user	1730584016186	1730584016283	KO	status.find.in([200, 209], 304), found 429
USER	Get Authorized User	END	1730584016284
REQUEST		get user	1730584016234	1730584016336	KO	status.find.in([200, 209], 304), found 429
USER	Get Authorized User	END	1730584016337
USER	Get Authorized User	START	1730584016342
REQUEST		get user	1730584016280	1730584016377	KO	status.find.in([200, 209], 304), found 429
USER	Get Authorized User	END	1730584016378
USER	Get Authorized User	START	1730584016390
REQUEST		get user	1730584016342	1730584016436	KO	status.find.in([200, 209], 304), found 429
USER	Get Authorized User	START	1730584016437
USER	Get Authorized User	END	1730584016437
USER	Get Authorized User	START	1730584016484
REQUEST		get user	1730584016390	1730584016491	KO	status.find.in([200, 209], 304), found 429
USER	Get Authorized User	END	1730584016492
REQUEST		get user	1730584016436	1730584016535	KO	status.find.in([200, 209], 304), found 429
USER	Get Authorized User	END	1730584016537
USER	Get Authorized User	START	1730584016545
REQUEST		get user	1730584016483	1730584016583	KO	status.find.in([200, 209], 304), found 429
USER	Get Authorized User	END	1730584016584
USER	Get Authorized User	START	1730584016591
USER	Get Authorized User	START	1730584016638
REQUEST		get user	1730584016544	1730584016645	KO	status.find.in([200, 209], 304), found 429
USER	Get Authorized User	END	1730584016647
USER	Get Authorized User	START	1730584016684
REQUEST		get user	1730584016590	1730584016694	KO	status.find.in([200, 209], 304), found 429
USER	Get Authorized User	END	1730584016696
REQUEST		get user	1730584016636	1730584016741	KO	status.find.in([200, 209], 304), found 429
USER	Get Authorized User	END	1730584016743
USER	Get Authorized User	START	1730584016745
REQUEST		get user	1730584016683	1730584016787	KO	status.find.in([200, 209], 304), found 429
USER	Get Authorized User	END	1730584016788
USER	Get Authorized User	START	1730584016790
USER	Get Authorized User	START	1730584016838
REQUEST		get user	1730584016744	1730584016855	KO	status.find.in([200, 209], 304), found 429
USER	Get Authorized User	END	1730584016855
USER	Get Authorized User	START	1730584016886
REQUEST		get user	1730584016790	1730584016886	KO	status.find.in([200, 209], 304), found 429
USER	Get Authorized User	END	1730584016887
USER	Get Authorized User	START	1730584016930
REQUEST		get user	1730584016837	1730584016935	KO	status.find.in([200, 209], 304), found 429
USER	Get Authorized User	END	1730584016936
REQUEST		get user	1730584016885	1730584016988	KO	status.find.in([200, 209], 304), found 429
USER	Get Authorized User	END	1730584016989
USER	Get Authorized User	START	1730584016993
REQUEST		get user	1730584016930	1730584017030	KO	status.find.in([200, 209], 304), found 429
USER	Get Authorized User	END	1730584017031
USER	Get Authorized User	START	1730584017039
USER	Get Authorized User	START	1730584017085
REQUEST		get user	1730584016992	1730584017097	KO	status.find.in([200, 209], 304), found 429
USER	Get Authorized User	END	1730584017098
USER	Get Authorized User	START	1730584017131
REQUEST		get user	1730584017038	1730584017137	KO	status.find.in([200, 209], 304), found 429
USER	Get Authorized User	END	1730584017138
REQUEST		get user	1730584017085	1730584017179	KO	status.find.in([200, 209], 304), found 429
USER	Get Authorized User	END	1730584017180
USER	Get Authorized User	START	1730584017192
REQUEST		get user	1730584017131	1730584017237	KO	status.find.in([200, 209], 304), found 429
USER	Get Authorized User	END	1730584017238
USER	Get Authorized User	START	1730584017238
USER	Get Authorized User	START	1730584017285
REQUEST		get user	1730584017191	1730584017294	KO	status.find.in([200, 209], 304), found 429
USER	Get Authorized User	END	1730584017295
USER	Get Authorized User	START	1730584017331
REQUEST		get user	1730584017238	1730584017334	KO	status.find.in([200, 209], 304), found 429
USER	Get Authorized User	END	1730584017335
REQUEST		get user	1730584017285	1730584017388	KO	status.find.in([200, 209], 304), found 429
USER	Get Authorized User	END	1730584017389
USER	Get Authorized User	START	1730584017392
REQUEST		get user	1730584017330	1730584017425	KO	status.find.in([200, 209], 304), found 429
USER	Get Authorized User	END	1730584017425
USER	Get Authorized User	START	1730584017438
USER	Get Authorized User	START	1730584017487
REQUEST		get user	1730584017391	1730584017499	KO	status.find.in([200, 209], 304), found 429
USER	Get Authorized User	END	1730584017501
USER	Get Authorized User	START	1730584017535
REQUEST		get user	1730584017438	1730584017537	KO	status.find.in([200, 209], 304), found 429
USER	Get Authorized User	END	1730584017538
USER	Get Authorized User	START	1730584017580
REQUEST		get user	1730584017486	1730584017592	KO	status.find.in([200, 209], 304), found 429
USER	Get Authorized User	END	1730584017593
REQUEST		get user	1730584017534	1730584017636	KO	status.find.in([200, 209], 304), found 429
USER	Get Authorized User	END	1730584017637
USER	Get Authorized User	START	1730584017640
USER	Get Authorized User	START	1730584017686
REQUEST		get user	1730584017579	1730584017687	KO	status.find.in([200, 209], 304), found 429
USER	Get Authorized User	END	1730584017687
USER	Get Authorized User	START	1730584017732
REQUEST		get user	1730584017640	1730584017741	KO	status.find.in([200, 209], 304), found 429
USER	Get Authorized User	END	1730584017741
REQUEST		get user	1730584017686	1730584017786	KO	status.find.in([200, 209], 304), found 429
USER	Get Authorized User	END	1730584017787
USER	Get Authorized User	START	1730584017793
REQUEST		get user	1730584017732	1730584017833	KO	status.find.in([200, 209], 304), found 429
USER	Get Authorized User	END	1730584017834
USER	Get Authorized User	START	1730584017839
USER	Get Authorized User	START	1730584017884
REQUEST		get user	1730584017793	1730584017904	KO	status.find.in([200, 209], 304), found 429
USER	Get Authorized User	END	1730584017905
USER	Get Authorized User	START	1730584017931
REQUEST		get user	1730584017839	1730584017939	KO	status.find.in([200, 209], 304), found 429
USER	Get Authorized User	END	1730584017940
REQUEST		get user	1730584017884	1730584017981	KO	status.find.in([200, 209], 304), found 429
USER	Get Authorized User	END	1730584017981
USER	Get Authorized User	START	1730584017992
USER	Get Authorized User	START	1730584018038
REQUEST		get user	1730584017930	1730584018043	KO	status.find.in([200, 209], 304), found 429
USER	Get Authorized User	END	1730584018044
USER	Get Authorized User	START	1730584018086
REQUEST		get user	1730584017992	1730584018097	KO	status.find.in([200, 209], 304), found 429
USER	Get Authorized User	END	1730584018098
USER	Get Authorized User	START	1730584018132
REQUEST		get user	1730584018038	1730584018136	KO	status.find.in([200, 209], 304), found 429
USER	Get Authorized User	END	1730584018137
USER	Get Authorized User	START	1730584018178
REQUEST		get user	1730584018085	1730584018200	KO	status.find.in([200, 209], 304), found 429
USER	Get Authorized User	END	1730584018201
REQUEST		get user	1730584018132	1730584018228	KO	status.find.in([200, 209], 304), found 429
USER	Get Authorized User	END	1730584018229
USER	Get Authorized User	START	1730584018240
REQUEST		get user	1730584018177	1730584018274	KO	status.find.in([200, 209], 304), found 429
USER	Get Authorized User	END	1730584018275
USER	Get Authorized User	START	1730584018286
USER	Get Authorized User	START	1730584018332
REQUEST		get user	1730584018239	1730584018340	KO	status.find.in([200, 209], 304), found 429
USER	Get Authorized User	END	1730584018341
USER	Get Authorized User	START	1730584018394
REQUEST		get user	1730584018286	1730584018400	KO	status.find.in([200, 209], 304), found 429
USER	Get Authorized User	END	1730584018401
REQUEST		get user	1730584018331	1730584018435	KO	status.find.in([200, 209], 304), found 429
USER	Get Authorized User	END	1730584018436
USER	Get Authorized User	START	1730584018439
USER	Get Authorized User	START	1730584018485
REQUEST		get user	1730584018393	1730584018498	KO	status.find.in([200, 209], 304), found 429
USER	Get Authorized User	END	1730584018499
USER	Get Authorized User	START	1730584018533
REQUEST		get user	1730584018439	1730584018539	KO	status.find.in([200, 209], 304), found 429
USER	Get Authorized User	END	1730584018540
USER	Get Authorized User	START	1730584018580
REQUEST		get user	1730584018485	1730584018589	KO	status.find.in([200, 209], 304), found 429
USER	Get Authorized User	END	1730584018590
REQUEST		get user	1730584018532	1730584018636	KO	status.find.in([200, 209], 304), found 429
USER	Get Authorized User	END	1730584018638
USER	Get Authorized User	START	1730584018641
REQUEST		get user	1730584018579	1730584018686	KO	status.find.in([200, 209], 304), found 429
USER	Get Authorized User	END	1730584018687
USER	Get Authorized User	START	1730584018687
USER	Get Authorized User	START	1730584018734
REQUEST		get user	1730584018641	1730584018747	KO	status.find.in([200, 209], 304), found 429
USER	Get Authorized User	END	1730584018748
REQUEST		get user	1730584018687	1730584018786	KO	status.find.in([200, 209], 304), found 429
USER	Get Authorized User	END	1730584018788
USER	Get Authorized User	START	1730584018795
REQUEST		get user	1730584018733	1730584018836	KO	status.find.in([200, 209], 304), found 429
USER	Get Authorized User	END	1730584018837
USER	Get Authorized User	START	1730584018842
USER	Get Authorized User	START	1730584018888
REQUEST		get user	1730584018794	1730584018925	KO	status.find.in([200, 209], 304), found 429
USER	Get Authorized User	END	1730584018926
USER	Get Authorized User	START	1730584018936
REQUEST		get user	1730584018841	1730584018938	KO	status.find.in([200, 209], 304), found 429
USER	Get Authorized User	END	1730584018939
USER	Get Authorized User	START	1730584018981
REQUEST		get user	1730584018887	1730584018986	KO	status.find.in([200, 209], 304), found 429
USER	Get Authorized User	END	1730584018987
REQUEST		get user	1730584018935	1730584019042	KO	status.find.in([200, 209], 304), found 429
USER	Get Authorized User	END	1730584019043
USER	Get Authorized User	START	1730584019043
USER	Get Authorized User	START	1730584019089
REQUEST		get user	1730584018981	1730584019090	KO	status.find.in([200, 209], 304), found 429
USER	Get Authorized User	END	1730584019091
USER	Get Authorized User	START	1730584019136
REQUEST		get user	1730584019043	1730584019139	KO	status.find.in([200, 209], 304), found 429
USER	Get Authorized User	END	1730584019139
USER	Get Authorized User	START	1730584019183
REQUEST		get user	1730584019089	1730584019183	KO	status.find.in([200, 209], 304), found 429
USER	Get Authorized User	END	1730584019185
USER	Get Authorized User	START	1730584019229
REQUEST		get user	1730584019135	1730584019234	KO	status.find.in([200, 209], 304), found 429
USER	Get Authorized User	END	1730584019235
REQUEST		get user	1730584019182	1730584019281	KO	status.find.in([200, 209], 304), found 429
USER	Get Authorized User	END	1730584019282
USER	Get Authorized User	START	1730584019291
REQUEST		get user	1730584019228	1730584019325	KO	status.find.in([200, 209], 304), found 429
USER	Get Authorized User	END	1730584019325
USER	Get Authorized User	START	1730584019338
USER	Get Authorized User	START	1730584019383
REQUEST		get user	1730584019290	1730584019389	KO	status.find.in([200, 209], 304), found 429
USER	Get Authorized User	END	1730584019390
USER	Get Authorized User	START	1730584019430
REQUEST		get user	1730584019337	1730584019438	KO	status.find.in([200, 209], 304), found 429
USER	Get Authorized User	END	1730584019439
USER	Get Authorized User	START	1730584019491
REQUEST		get user	1730584019382	1730584019502	KO	status.find.in([200, 209], 304), found 429
USER	Get Authorized User	END	1730584019503
REQUEST		get user	1730584019429	1730584019532	KO	status.find.in([200, 209], 304), found 429
USER	Get Authorized User	END	1730584019533
USER	Get Authorized User	START	1730584019537
USER	Get Authorized User	START	1730584019584
REQUEST		get user	1730584019491	1730584019615	KO	status.find.in([200, 209], 304), found 429
USER	Get Authorized User	END	1730584019615
USER	Get Authorized User	START	1730584019630
REQUEST		get user	1730584019537	1730584019659	KO	status.find.in([200, 209], 304), found 429
USER	Get Authorized User	END	1730584019661
REQUEST		get user	1730584019583	1730584019678	KO	status.find.in([200, 209], 304), found 429
USER	Get Authorized User	END	1730584019679
USER	Get Authorized User	START	1730584019690
REQUEST		get user	1730584019629	1730584019732	KO	status.find.in([200, 209], 304), found 429
USER	Get Authorized User	END	1730584019733
USER	Get Authorized User	START	1730584019738
USER	Get Authorized User	START	1730584019785
REQUEST		get user	1730584019690	1730584019795	KO	status.find.in([200, 209], 304), found 429
USER	Get Authorized User	END	1730584019796
USER	Get Authorized User	START	1730584019831
REQUEST		get user	1730584019737	1730584019838	KO	status.find.in([200, 209], 304), found 429
USER	Get Authorized User	END	1730584019839
REQUEST		get user	1730584019784	1730584019887	KO	status.find.in([200, 209], 304), found 429
USER	Get Authorized User	END	1730584019889
USER	Get Authorized User	START	1730584019893
REQUEST		get user	1730584019830	1730584019930	KO	status.find.in([200, 209], 304), found 429
USER	Get Authorized User	END	1730584019932
USER	Get Authorized User	START	1730584019938
USER	Get Authorized User	START	1730584019985
REQUEST		get user	1730584019892	1730584020011	KO	status.find.in([200, 209], 304), found 429
USER	Get Authorized User	END	1730584020011
USER	Get Authorized User	START	1730584020032
REQUEST		get user	1730584019938	1730584020046	KO	status.find.in([200, 209], 304), found 429
USER	Get Authorized User	END	1730584020047
REQUEST		get user	1730584019984	1730584020085	KO	status.find.in([200, 209], 304), found 429
USER	Get Authorized User	END	1730584020086
USER	Get Authorized User	START	1730584020092
REQUEST		get user	1730584020031	1730584020130	KO	status.find.in([200, 209], 304), found 429
USER	Get Authorized User	END	1730584020132
USER	Get Authorized User	START	1730584020140
USER	Get Authorized User	START	1730584020187
REQUEST		get user	1730584020092	1730584020204	KO	status.find.in([200, 209], 304), found 429
USER	Get Authorized User	END	1730584020206
USER	Get Authorized User	START	1730584020232
USER	Get Authorized User	START	1730584020279
REQUEST		get user	1730584020139	1730584020286	KO	status.find.in([200, 209], 304), found 429
REQUEST		get user	1730584020186	1730584020286	KO	status.find.in([200, 209], 304), found 429
USER	Get Authorized User	END	1730584020287
USER	Get Authorized User	END	1730584020287
REQUEST		get user	1730584020232	1730584020327	KO	status.find.in([200, 209], 304), found 429
USER	Get Authorized User	END	1730584020329
USER	Get Authorized User	START	1730584020342
USER	Get Authorized User	START	1730584020388
REQUEST		get user	1730584020279	1730584020391	KO	status.find.in([200, 209], 304), found 429
USER	Get Authorized User	END	1730584020392
USER	Get Authorized User	START	1730584020435
REQUEST		get user	1730584020341	1730584020444	KO	status.find.in([200, 209], 304), found 429
USER	Get Authorized User	END	1730584020444
USER	Get Authorized User	START	1730584020480
REQUEST		get user	1730584020387	1730584020493	KO	status.find.in([200, 209], 304), found 429
USER	Get Authorized User	END	1730584020493
REQUEST		get user	1730584020433	1730584020534	KO	status.find.in([200, 209], 304), found 429
USER	Get Authorized User	END	1730584020535
USER	Get Authorized User	START	1730584020542
USER	Get Authorized User	START	1730584020590
REQUEST		get user	1730584020479	1730584020596	KO	status.find.in([200, 209], 304), found 429
USER	Get Authorized User	END	1730584020597
USER	Get Authorized User	START	1730584020637
REQUEST		get user	1730584020542	1730584020646	KO	status.find.in([200, 209], 304), found 429
USER	Get Authorized User	END	1730584020646
USER	Get Authorized User	START	1730584020684
REQUEST		get user	1730584020589	1730584020695	KO	status.find.in([200, 209], 304), found 429
USER	Get Authorized User	END	1730584020696
USER	Get Authorized User	START	1730584020729
REQUEST		get user	1730584020636	1730584020734	KO	status.find.in([200, 209], 304), found 429
USER	Get Authorized User	END	1730584020735
REQUEST		get user	1730584020683	1730584020784	KO	status.find.in([200, 209], 304), found 429
USER	Get Authorized User	END	1730584020784
USER	Get Authorized User	START	1730584020792
REQUEST		get user	1730584020729	1730584020831	KO	status.find.in([200, 209], 304), found 429
USER	Get Authorized User	END	1730584020831
USER	Get Authorized User	START	1730584020838
USER	Get Authorized User	START	1730584020884
REQUEST		get user	1730584020791	1730584020885	KO	status.find.in([200, 209], 304), found 429
USER	Get Authorized User	END	1730584020886
USER	Get Authorized User	START	1730584020931
REQUEST		get user	1730584020837	1730584020937	KO	status.find.in([200, 209], 304), found 429
USER	Get Authorized User	END	1730584020937
USER	Get Authorized User	START	1730584020993
REQUEST		get user	1730584020883	1730584021001	KO	status.find.in([200, 209], 304), found 429
USER	Get Authorized User	END	1730584021003
REQUEST		get user	1730584020931	1730584021033	KO	status.find.in([200, 209], 304), found 429
USER	Get Authorized User	END	1730584021034
USER	Get Authorized User	START	1730584021038
USER	Get Authorized User	START	1730584021086
USER	Get Authorized User	START	1730584021131
REQUEST		get user	1730584020992	1730584021133	KO	status.find.in([200, 209], 304), found 429
USER	Get Authorized User	END	1730584021133
REQUEST		get user	1730584021038	1730584021142	KO	status.find.in([200, 209], 304), found 429
USER	Get Authorized User	END	1730584021143
USER	Get Authorized User	START	1730584021192
REQUEST		get user	1730584021085	1730584021192	KO	status.find.in([200, 209], 304), found 429
USER	Get Authorized User	END	1730584021193
USER	Get Authorized User	START	1730584021238
REQUEST		get user	1730584021131	1730584021251	KO	status.find.in([200, 209], 304), found 429
USER	Get Authorized User	END	1730584021251
USER	Get Authorized User	START	1730584021285
REQUEST		get user	1730584021192	1730584021297	KO	status.find.in([200, 209], 304), found 429
USER	Get Authorized User	END	1730584021298
USER	Get Authorized User	START	1730584021332
REQUEST		get user	1730584021238	1730584021366	KO	status.find.in([200, 209], 304), found 429
USER	Get Authorized User	END	1730584021367
USER	Get Authorized User	START	1730584021379
REQUEST		get user	1730584021285	1730584021384	KO	status.find.in([200, 209], 304), found 429
USER	Get Authorized User	END	1730584021385
USER	Get Authorized User	START	1730584021441
REQUEST		get user	1730584021332	1730584021442	KO	status.find.in([200, 209], 304), found 429
USER	Get Authorized User	END	1730584021443
REQUEST		get user	1730584021379	1730584021481	KO	status.find.in([200, 209], 304), found 429
USER	Get Authorized User	END	1730584021481
USER	Get Authorized User	START	1730584021487
USER	Get Authorized User	START	1730584021532
REQUEST		get user	1730584021441	1730584021544	KO	status.find.in([200, 209], 304), found 429
USER	Get Authorized User	END	1730584021544
USER	Get Authorized User	START	1730584021579
REQUEST		get user	1730584021487	1730584021603	KO	status.find.in([200, 209], 304), found 429
USER	Get Authorized User	END	1730584021604
REQUEST		get user	1730584021532	1730584021627	KO	status.find.in([200, 209], 304), found 429
USER	Get Authorized User	END	1730584021627
USER	Get Authorized User	START	1730584021642
REQUEST		get user	1730584021579	1730584021676	KO	status.find.in([200, 209], 304), found 429
USER	Get Authorized User	END	1730584021677
USER	Get Authorized User	START	1730584021688
USER	Get Authorized User	START	1730584021732
REQUEST		get user	1730584021641	1730584021739	KO	status.find.in([200, 209], 304), found 429
USER	Get Authorized User	END	1730584021740
USER	Get Authorized User	START	1730584021779
REQUEST		get user	1730584021687	1730584021787	KO	status.find.in([200, 209], 304), found 429
USER	Get Authorized User	END	1730584021788
REQUEST		get user	1730584021732	1730584021829	KO	status.find.in([200, 209], 304), found 429
USER	Get Authorized User	END	1730584021830
USER	Get Authorized User	START	1730584021841
REQUEST		get user	1730584021778	1730584021879	KO	status.find.in([200, 209], 304), found 429
USER	Get Authorized User	END	1730584021880
USER	Get Authorized User	START	1730584021887
USER	Get Authorized User	START	1730584021934
REQUEST		get user	1730584021840	1730584021941	KO	status.find.in([200, 209], 304), found 429
USER	Get Authorized User	END	1730584021941
USER	Get Authorized User	START	1730584021982
REQUEST		get user	1730584021886	1730584021988	KO	status.find.in([200, 209], 304), found 429
USER	Get Authorized User	END	1730584021989
USER	Get Authorized User	START	1730584022029
REQUEST		get user	1730584021934	1730584022030	KO	status.find.in([200, 209], 304), found 429
USER	Get Authorized User	END	1730584022030
REQUEST		get user	1730584021981	1730584022088	KO	status.find.in([200, 209], 304), found 429
USER	Get Authorized User	END	1730584022089
USER	Get Authorized User	START	1730584022092
REQUEST		get user	1730584022028	1730584022124	KO	status.find.in([200, 209], 304), found 429
USER	Get Authorized User	END	1730584022125
USER	Get Authorized User	START	1730584022138
USER	Get Authorized User	START	1730584022184
REQUEST		get user	1730584022091	1730584022194	KO	status.find.in([200, 209], 304), found 429
USER	Get Authorized User	END	1730584022195
USER	Get Authorized User	START	1730584022229
REQUEST		get user	1730584022137	1730584022255	KO	status.find.in([200, 209], 304), found 429
USER	Get Authorized User	END	1730584022257
REQUEST		get user	1730584022183	1730584022284	KO	status.find.in([200, 209], 304), found 429
USER	Get Authorized User	END	1730584022284
USER	Get Authorized User	START	1730584022292
REQUEST		get user	1730584022229	1730584022328	KO	status.find.in([200, 209], 304), found 429
USER	Get Authorized User	END	1730584022328
USER	Get Authorized User	START	1730584022338
USER	Get Authorized User	START	1730584022386
REQUEST		get user	1730584022291	1730584022391	KO	status.find.in([200, 209], 304), found 429
USER	Get Authorized User	END	1730584022391
USER	Get Authorized User	START	1730584022431
USER	Get Authorized User	START	1730584022493
REQUEST		get user	1730584022385	1730584022493	KO	status.find.in([200, 209], 304), found 429
USER	Get Authorized User	END	1730584022494
REQUEST		get user	1730584022430	1730584022531	KO	status.find.in([200, 209], 304), found 429
USER	Get Authorized User	END	1730584022532
USER	Get Authorized User	START	1730584022540
USER	Get Authorized User	START	1730584022586
REQUEST		get user	1730584022493	1730584022597	KO	status.find.in([200, 209], 304), found 429
USER	Get Authorized User	END	1730584022598
REQUEST		get user	1730584022338	1730584022605	KO	status.find.in([200, 209], 304), found 429
USER	Get Authorized User	END	1730584022606
USER	Get Authorized User	START	1730584022631
REQUEST		get user	1730584022539	1730584022636	KO	status.find.in([200, 209], 304), found 429
USER	Get Authorized User	END	1730584022637
REQUEST		get user	1730584022586	1730584022681	KO	status.find.in([200, 209], 304), found 429
USER	Get Authorized User	END	1730584022681
USER	Get Authorized User	START	1730584022694
REQUEST		get user	1730584022631	1730584022726	KO	status.find.in([200, 209], 304), found 429
USER	Get Authorized User	END	1730584022726
USER	Get Authorized User	START	1730584022742
USER	Get Authorized User	START	1730584022788
REQUEST		get user	1730584022693	1730584022835	KO	status.find.in([200, 209], 304), found 429
USER	Get Authorized User	END	1730584022835
USER	Get Authorized User	START	1730584022836
REQUEST		get user	1730584022741	1730584022851	KO	status.find.in([200, 209], 304), found 429
USER	Get Authorized User	END	1730584022851
USER	Get Authorized User	START	1730584022883
REQUEST		get user	1730584022787	1730584022889	KO	status.find.in([200, 209], 304), found 429
USER	Get Authorized User	END	1730584022891
REQUEST		get user	1730584022836	1730584022934	KO	status.find.in([200, 209], 304), found 429
USER	Get Authorized User	END	1730584022935
USER	Get Authorized User	START	1730584022944
REQUEST		get user	1730584022882	1730584022987	KO	status.find.in([200, 209], 304), found 429
USER	Get Authorized User	END	1730584022988
USER	Get Authorized User	START	1730584022990
USER	Get Authorized User	START	1730584023037
REQUEST		get user	1730584022943	1730584023045	KO	status.find.in([200, 209], 304), found 429
USER	Get Authorized User	END	1730584023047
USER	Get Authorized User	START	1730584023084
REQUEST		get user	1730584022989	1730584023089	KO	status.find.in([200, 209], 304), found 429
USER	Get Authorized User	END	1730584023090
USER	Get Authorized User	START	1730584023129
REQUEST		get user	1730584023036	1730584023172	KO	status.find.in([200, 209], 304), found 429
USER	Get Authorized User	END	1730584023173
REQUEST		get user	1730584023083	1730584023186	KO	status.find.in([200, 209], 304), found 429
USER	Get Authorized User	END	1730584023188
USER	Get Authorized User	START	1730584023190
USER	Get Authorized User	START	1730584023236
REQUEST		get user	1730584023129	1730584023259	KO	status.find.in([200, 209], 304), found 429
USER	Get Authorized User	END	1730584023260
USER	Get Authorized User	START	1730584023283
REQUEST		get user	1730584023189	1730584023288	KO	status.find.in([200, 209], 304), found 429
USER	Get Authorized User	END	1730584023289
REQUEST		get user	1730584023236	1730584023331	KO	status.find.in([200, 209], 304), found 429
USER	Get Authorized User	END	1730584023331
USER	Get Authorized User	START	1730584023345
REQUEST		get user	1730584023282	1730584023379	KO	status.find.in([200, 209], 304), found 429
USER	Get Authorized User	END	1730584023380
USER	Get Authorized User	START	1730584023392
USER	Get Authorized User	START	1730584023438
REQUEST		get user	1730584023344	1730584023466	KO	status.find.in([200, 209], 304), found 429
USER	Get Authorized User	END	1730584023466
USER	Get Authorized User	START	1730584023484
REQUEST		get user	1730584023391	1730584023497	KO	status.find.in([200, 209], 304), found 429
USER	Get Authorized User	END	1730584023497
REQUEST		get user	1730584023437	1730584023533	KO	status.find.in([200, 209], 304), found 429
USER	Get Authorized User	END	1730584023534
USER	Get Authorized User	START	1730584023544
REQUEST		get user	1730584023484	1730584023587	KO	status.find.in([200, 209], 304), found 429
USER	Get Authorized User	END	1730584023588
USER	Get Authorized User	START	1730584023591
USER	Get Authorized User	START	1730584023636
REQUEST		get user	1730584023544	1730584023645	KO	status.find.in([200, 209], 304), found 429
USER	Get Authorized User	END	1730584023646
USER	Get Authorized User	START	1730584023682
REQUEST		get user	1730584023590	1730584023688	KO	status.find.in([200, 209], 304), found 429
USER	Get Authorized User	END	1730584023689
REQUEST		get user	1730584023636	1730584023734	KO	status.find.in([200, 209], 304), found 429
USER	Get Authorized User	END	1730584023734
USER	Get Authorized User	START	1730584023743
REQUEST		get user	1730584023681	1730584023777	KO	status.find.in([200, 209], 304), found 429
USER	Get Authorized User	END	1730584023778
USER	Get Authorized User	START	1730584023789
USER	Get Authorized User	START	1730584023835
REQUEST		get user	1730584023742	1730584023839	KO	status.find.in([200, 209], 304), found 429
USER	Get Authorized User	END	1730584023840
USER	Get Authorized User	START	1730584023882
REQUEST		get user	1730584023788	1730584023884	KO	status.find.in([200, 209], 304), found 429
USER	Get Authorized User	END	1730584023885
REQUEST		get user	1730584023835	1730584023936	KO	status.find.in([200, 209], 304), found 429
USER	Get Authorized User	END	1730584023937
USER	Get Authorized User	START	1730584023941
REQUEST		get user	1730584023881	1730584023980	KO	status.find.in([200, 209], 304), found 429
USER	Get Authorized User	END	1730584023980
USER	Get Authorized User	START	1730584023989
USER	Get Authorized User	START	1730584024034
REQUEST		get user	1730584023941	1730584024036	KO	status.find.in([200, 209], 304), found 429
USER	Get Authorized User	END	1730584024037
REQUEST		get user	1730584023988	1730584024090	KO	status.find.in([200, 209], 304), found 429
USER	Get Authorized User	END	1730584024091
USER	Get Authorized User	START	1730584024095
REQUEST		get user	1730584024034	1730584024135	KO	status.find.in([200, 209], 304), found 429
USER	Get Authorized User	END	1730584024135
REQUEST		get user	1730584024095	1730584024191	KO	status.find.in([200, 209], 304), found 429
USER	Get Authorized User	END	1730584024192
USER	Get Authorized User	START	1730584024343
REQUEST		get user	1730584024342	1730584024457	KO	status.find.in([200, 209], 304), found 429
USER	Get Authorized User	END	1730584024458
USER	Get Authorized User	START	1730584024588
REQUEST		get user	1730584024587	1730584024684	KO	status.find.in([200, 209], 304), found 429
USER	Get Authorized User	END	1730584024684
USER	Get Authorized User	START	1730584024837
REQUEST		get user	1730584024836	1730584024938	KO	status.find.in([200, 209], 304), found 429
USER	Get Authorized User	END	1730584024940
USER	Get Authorized User	START	1730584025083
REQUEST		get user	1730584025082	1730584025190	KO	status.find.in([200, 209], 304), found 429
USER	Get Authorized User	END	1730584025191
USER	Get Authorized User	START	1730584025421
REQUEST		get user	1730584025420	1730584025526	KO	status.find.in([200, 209], 304), found 429
USER	Get Authorized User	END	1730584025528
USER	Get Authorized User	START	1730584025762
REQUEST		get user	1730584025760	1730584025879	KO	status.find.in([200, 209], 304), found 429
USER	Get Authorized User	END	1730584025881
USER	Get Authorized User	START	1730584026089
REQUEST		get user	1730584026089	1730584026211	KO	status.find.in([200, 209], 304), found 429
USER	Get Authorized User	END	1730584026212
USER	Get Authorized User	START	1730584026414
REQUEST		get user	1730584026413	1730584026550	KO	status.find.in([200, 209], 304), found 429
USER	Get Authorized User	END	1730584026551
USER	Get Authorized User	START	1730584026754
REQUEST		get user	1730584026754	1730584026851	KO	status.find.in([200, 209], 304), found 429
USER	Get Authorized User	END	1730584026852
USER	Get Authorized User	START	1730584027082
REQUEST		get user	1730584027081	1730584027185	KO	status.find.in([200, 209], 304), found 429
USER	Get Authorized User	END	1730584027187
USER	Get Authorized User	START	1730584027343
REQUEST		get user	1730584027342	1730584027441	KO	status.find.in([200, 209], 304), found 429
USER	Get Authorized User	END	1730584027442
USER	Get Authorized User	START	1730584027592
REQUEST		get user	1730584027591	1730584027690	KO	status.find.in([200, 209], 304), found 429
USER	Get Authorized User	END	1730584027691
USER	Get Authorized User	START	1730584027841
REQUEST		get user	1730584027840	1730584027937	KO	status.find.in([200, 209], 304), found 429
USER	Get Authorized User	END	1730584027938
USER	Get Authorized User	START	1730584028090
REQUEST		get user	1730584028089	1730584028187	KO	status.find.in([200, 209], 304), found 429
USER	Get Authorized User	END	1730584028188
USER	Get Authorized User	START	1730584028412
REQUEST		get user	1730584028412	1730584028524	KO	status.find.in([200, 209], 304), found 429
USER	Get Authorized User	END	1730584028525
USER	Get Authorized User	START	1730584028751
REQUEST		get user	1730584028751	1730584028852	KO	status.find.in([200, 209], 304), found 429
USER	Get Authorized User	END	1730584028852
USER	Get Authorized User	START	1730584029092
REQUEST		get user	1730584029092	1730584029195	KO	status.find.in([200, 209], 304), found 429
USER	Get Authorized User	END	1730584029196
USER	Get Authorized User	START	1730584029421
REQUEST		get user	1730584029421	1730584029516	KO	status.find.in([200, 209], 304), found 429
USER	Get Authorized User	END	1730584029516
USER	Get Authorized User	START	1730584029758
REQUEST		get user	1730584029758	1730584029860	KO	status.find.in([200, 209], 304), found 429
USER	Get Authorized User	END	1730584029860
USER	Get Authorized User	START	1730584030080
REQUEST		get user	1730584030080	1730584030184	KO	status.find.in([200, 209], 304), found 429
USER	Get Authorized User	END	1730584030185
USER	Get Authorized User	START	1730584030332
REQUEST		get user	1730584030331	1730584030432	KO	status.find.in([200, 209], 304), found 429
USER	Get Authorized User	END	1730584030434
USER	Get Authorized User	START	1730584030579
REQUEST		get user	1730584030578	1730584030681	KO	status.find.in([200, 209], 304), found 429
USER	Get Authorized User	END	1730584030682
USER	Get Authorized User	START	1730584030843
REQUEST		get user	1730584030842	1730584030942	KO	status.find.in([200, 209], 304), found 429
USER	Get Authorized User	END	1730584030942
USER	Get Authorized User	START	1730584031089
REQUEST		get user	1730584031089	1730584031192	KO	status.find.in([200, 209], 304), found 429
USER	Get Authorized User	END	1730584031192
USER	Get Authorized User	START	1730584031415
REQUEST		get user	1730584031414	1730584031512	KO	status.find.in([200, 209], 304), found 429
USER	Get Authorized User	END	1730584031514
USER	Get Authorized User	START	1730584031755
REQUEST		get user	1730584031754	1730584031861	KO	status.find.in([200, 209], 304), found 429
USER	Get Authorized User	END	1730584031862
USER	Get Authorized User	START	1730584032094
REQUEST		get user	1730584032093	1730584032195	KO	status.find.in([200, 209], 304), found 429
USER	Get Authorized User	END	1730584032196
USER	Get Authorized User	START	1730584032419
REQUEST		get user	1730584032418	1730584032516	KO	status.find.in([200, 209], 304), found 429
USER	Get Authorized User	END	1730584032516
USER	Get Authorized User	START	1730584032746
REQUEST		get user	1730584032745	1730584032852	KO	status.find.in([200, 209], 304), found 429
USER	Get Authorized User	END	1730584032854
USER	Get Authorized User	START	1730584033089
REQUEST		get user	1730584033088	1730584033187	KO	status.find.in([200, 209], 304), found 429
USER	Get Authorized User	END	1730584033188
USER	Get Authorized User	START	1730584033336
REQUEST		get user	1730584033335	1730584033437	KO	status.find.in([200, 209], 304), found 429
USER	Get Authorized User	END	1730584033438
USER	Get Authorized User	START	1730584033584
REQUEST		get user	1730584033583	1730584033681	KO	status.find.in([200, 209], 304), found 429
USER	Get Authorized User	END	1730584033681
USER	Get Authorized User	START	1730584033844
REQUEST		get user	1730584033843	1730584033950	KO	status.find.in([200, 209], 304), found 429
USER	Get Authorized User	END	1730584033951
USER	Get Authorized User	START	1730584034092
REQUEST		get user	1730584034092	1730584034188	KO	status.find.in([200, 209], 304), found 429
USER	Get Authorized User	END	1730584034189
USER	Get Authorized User	START	1730584034420
REQUEST		get user	1730584034418	1730584034517	KO	status.find.in([200, 209], 304), found 429
USER	Get Authorized User	END	1730584034518
USER	Get Authorized User	START	1730584034757
REQUEST		get user	1730584034756	1730584034862	KO	status.find.in([200, 209], 304), found 429
USER	Get Authorized User	END	1730584034863
USER	Get Authorized User	START	1730584035082
REQUEST		get user	1730584035081	1730584035183	KO	status.find.in([200, 209], 304), found 429
USER	Get Authorized User	END	1730584035184
USER	Get Authorized User	START	1730584035420
REQUEST		get user	1730584035419	1730584035526	KO	status.find.in([200, 209], 304), found 429
USER	Get Authorized User	END	1730584035528
USER	Get Authorized User	START	1730584035756
REQUEST		get user	1730584035755	1730584035873	KO	status.find.in([200, 209], 304), found 429
USER	Get Authorized User	END	1730584035874
USER	Get Authorized User	START	1730584036081
REQUEST		get user	1730584036080	1730584036194	KO	status.find.in([200, 209], 304), found 429
USER	Get Authorized User	END	1730584036195
USER	Get Authorized User	START	1730584036344
REQUEST		get user	1730584036343	1730584036444	KO	status.find.in([200, 209], 304), found 429
USER	Get Authorized User	END	1730584036445
USER	Get Authorized User	START	1730584036581
REQUEST		get user	1730584036580	1730584036693	KO	status.find.in([200, 209], 304), found 429
USER	Get Authorized User	END	1730584036694
USER	Get Authorized User	START	1730584036843
REQUEST		get user	1730584036842	1730584036952	KO	status.find.in([200, 209], 304), found 429
USER	Get Authorized User	END	1730584036953
USER	Get Authorized User	START	1730584037089
REQUEST		get user	1730584037089	1730584037190	KO	status.find.in([200, 209], 304), found 429
USER	Get Authorized User	END	1730584037192
USER	Get Authorized User	START	1730584037414
REQUEST		get user	1730584037413	1730584037514	KO	status.find.in([200, 209], 304), found 429
USER	Get Authorized User	END	1730584037514
USER	Get Authorized User	START	1730584037754
REQUEST		get user	1730584037754	1730584037850	KO	status.find.in([200, 209], 304), found 429
USER	Get Authorized User	END	1730584037851
USER	Get Authorized User	START	1730584038091
REQUEST		get user	1730584038090	1730584038226	KO	status.find.in([200, 209], 304), found 429
USER	Get Authorized User	END	1730584038227
USER	Get Authorized User	START	1730584038415
REQUEST		get user	1730584038414	1730584038517	KO	status.find.in([200, 209], 304), found 429
USER	Get Authorized User	END	1730584038517
USER	Get Authorized User	START	1730584038757
REQUEST		get user	1730584038757	1730584038858	KO	status.find.in([200, 209], 304), found 429
USER	Get Authorized User	END	1730584038858
USER	Get Authorized User	START	1730584039081
REQUEST		get user	1730584039081	1730584039180	KO	status.find.in([200, 209], 304), found 429
USER	Get Authorized User	END	1730584039181
USER	Get Authorized User	START	1730584039336
REQUEST		get user	1730584039335	1730584039438	KO	status.find.in([200, 209], 304), found 429
USER	Get Authorized User	END	1730584039439
USER	Get Authorized User	START	1730584039586
REQUEST		get user	1730584039585	1730584039717	KO	status.find.in([200, 209], 304), found 429
USER	Get Authorized User	END	1730584039717
USER	Get Authorized User	START	1730584039837
REQUEST		get user	1730584039836	1730584039939	KO	status.find.in([200, 209], 304), found 429
USER	Get Authorized User	END	1730584039939
USER	Get Authorized User	START	1730584040083
REQUEST		get user	1730584040083	1730584040176	KO	status.find.in([200, 209], 304), found 429
USER	Get Authorized User	END	1730584040176
USER	Get Authorized User	START	1730584040422
REQUEST		get user	1730584040422	1730584040534	KO	status.find.in([200, 209], 304), found 429
USER	Get Authorized User	END	1730584040535
USER	Get Authorized User	START	1730584040746
REQUEST		get user	1730584040745	1730584040849	KO	status.find.in([200, 209], 304), found 429
USER	Get Authorized User	END	1730584040850
USER	Get Authorized User	START	1730584041086
REQUEST		get user	1730584041085	1730584041181	KO	status.find.in([200, 209], 304), found 429
USER	Get Authorized User	END	1730584041181
USER	Get Authorized User	START	1730584041414
REQUEST		get user	1730584041413	1730584041526	KO	status.find.in([200, 209], 304), found 429
USER	Get Authorized User	END	1730584041526
USER	Get Authorized User	START	1730584041751
REQUEST		get user	1730584041750	1730584041852	KO	status.find.in([200, 209], 304), found 429
USER	Get Authorized User	END	1730584041854
USER	Get Authorized User	START	1730584042087
REQUEST		get user	1730584042086	1730584042189	KO	status.find.in([200, 209], 304), found 429
USER	Get Authorized User	END	1730584042189
USER	Get Authorized User	START	1730584042332
REQUEST		get user	1730584042332	1730584042433	KO	status.find.in([200, 209], 304), found 429
USER	Get Authorized User	END	1730584042434
USER	Get Authorized User	START	1730584042581
REQUEST		get user	1730584042580	1730584042677	KO	status.find.in([200, 209], 304), found 429
USER	Get Authorized User	END	1730584042678
USER	Get Authorized User	START	1730584042841
REQUEST		get user	1730584042840	1730584042979	KO	status.find.in([200, 209], 304), found 429
USER	Get Authorized User	END	1730584042980
USER	Get Authorized User	START	1730584043091
REQUEST		get user	1730584043090	1730584043196	KO	status.find.in([200, 209], 304), found 429
USER	Get Authorized User	END	1730584043197
USER	Get Authorized User	START	1730584043413
REQUEST		get user	1730584043412	1730584043516	KO	status.find.in([200, 209], 304), found 429
USER	Get Authorized User	END	1730584043517
USER	Get Authorized User	START	1730584043758
REQUEST		get user	1730584043757	1730584043862	KO	status.find.in([200, 209], 304), found 429
USER	Get Authorized User	END	1730584043864
USER	Get Authorized User	START	1730584044084
REQUEST		get user	1730584044083	1730584044182	KO	status.find.in([200, 209], 304), found 429
USER	Get Authorized User	END	1730584044182
USER	Get Authorized User	START	1730584044423
REQUEST		get user	1730584044422	1730584044523	KO	status.find.in([200, 209], 304), found 429
USER	Get Authorized User	END	1730584044523
USER	Get Authorized User	START	1730584044750
REQUEST		get user	1730584044749	1730584044849	KO	status.find.in([200, 209], 304), found 429
USER	Get Authorized User	END	1730584044850
USER	Get Authorized User	START	1730584045091
REQUEST		get user	1730584045090	1730584045194	KO	status.find.in([200, 209], 304), found 429
USER	Get Authorized User	END	1730584045195
USER	Get Authorized User	START	1730584045336
REQUEST		get user	1730584045335	1730584045440	KO	status.find.in([200, 209], 304), found 429
USER	Get Authorized User	END	1730584045440
USER	Get Authorized User	START	1730584045586
REQUEST		get user	1730584045585	1730584045707	KO	status.find.in([200, 209], 304), found 429
USER	Get Authorized User	END	1730584045708
USER	Get Authorized User	START	1730584045845
REQUEST		get user	1730584045844	1730584045944	KO	status.find.in([200, 209], 304), found 429
USER	Get Authorized User	END	1730584045945
USER	Get Authorized User	START	1730584046081
REQUEST		get user	1730584046080	1730584046184	KO	status.find.in([200, 209], 304), found 429
USER	Get Authorized User	END	1730584046185
USER	Get Authorized User	START	1730584046422
REQUEST		get user	1730584046421	1730584046518	KO	status.find.in([200, 209], 304), found 429
USER	Get Authorized User	END	1730584046518
USER	Get Authorized User	START	1730584046747
REQUEST		get user	1730584046746	1730584046851	KO	status.find.in([200, 209], 304), found 429
USER	Get Authorized User	END	1730584046852
USER	Get Authorized User	START	1730584047088
REQUEST		get user	1730584047087	1730584047193	KO	status.find.in([200, 209], 304), found 429
USER	Get Authorized User	END	1730584047194
USER	Get Authorized User	START	1730584047412
REQUEST		get user	1730584047412	1730584047505	KO	status.find.in([200, 209], 304), found 429
USER	Get Authorized User	END	1730584047506
USER	Get Authorized User	START	1730584047755
REQUEST		get user	1730584047754	1730584047856	KO	status.find.in([200, 209], 304), found 429
USER	Get Authorized User	END	1730584047857
USER	Get Authorized User	START	1730584048082
REQUEST		get user	1730584048081	1730584048202	KO	status.find.in([200, 209], 304), found 429
USER	Get Authorized User	END	1730584048203
USER	Get Authorized User	START	1730584048330
REQUEST		get user	1730584048329	1730584048432	KO	status.find.in([200, 209], 304), found 429
USER	Get Authorized User	END	1730584048433
USER	Get Authorized User	START	1730584048590
REQUEST		get user	1730584048589	1730584048692	KO	status.find.in([200, 209], 304), found 429
USER	Get Authorized User	END	1730584048693
USER	Get Authorized User	START	1730584048840
REQUEST		get user	1730584048840	1730584048945	KO	status.find.in([200, 209], 304), found 429
USER	Get Authorized User	END	1730584048946
USER	Get Authorized User	START	1730584049087
REQUEST		get user	1730584049086	1730584049183	KO	status.find.in([200, 209], 304), found 429
USER	Get Authorized User	END	1730584049183
USER	Get Authorized User	START	1730584049425
REQUEST		get user	1730584049425	1730584049525	KO	status.find.in([200, 209], 304), found 429
USER	Get Authorized User	END	1730584049526
USER	Get Authorized User	START	1730584049750
REQUEST		get user	1730584049750	1730584049852	KO	status.find.in([200, 209], 304), found 429
USER	Get Authorized User	END	1730584049854
USER	Get Authorized User	START	1730584050089
REQUEST		get user	1730584050088	1730584050188	KO	status.find.in([200, 209], 304), found 429
USER	Get Authorized User	END	1730584050189
USER	Get Authorized User	START	1730584050427
REQUEST		get user	1730584050426	1730584050531	KO	status.find.in([200, 209], 304), found 429
USER	Get Authorized User	END	1730584050533
USER	Get Authorized User	START	1730584050748
REQUEST		get user	1730584050747	1730584050861	KO	status.find.in([200, 209], 304), found 429
USER	Get Authorized User	END	1730584050862
USER	Get Authorized User	START	1730584051087
REQUEST		get user	1730584051086	1730584051196	KO	status.find.in([200, 209], 304), found 429
USER	Get Authorized User	END	1730584051197
USER	Get Authorized User	START	1730584051333
REQUEST		get user	1730584051332	1730584051435	KO	status.find.in([200, 209], 304), found 429
USER	Get Authorized User	END	1730584051436
USER	Get Authorized User	START	1730584051579
REQUEST		get user	1730584051578	1730584051679	KO	status.find.in([200, 209], 304), found 429
USER	Get Authorized User	END	1730584051680
USER	Get Authorized User	START	1730584051842
REQUEST		get user	1730584051841	1730584051944	KO	status.find.in([200, 209], 304), found 429
USER	Get Authorized User	END	1730584051945
USER	Get Authorized User	START	1730584052091
REQUEST		get user	1730584052090	1730584052200	KO	status.find.in([200, 209], 304), found 429
USER	Get Authorized User	END	1730584052201
USER	Get Authorized User	START	1730584052428
REQUEST		get user	1730584052427	1730584052535	KO	status.find.in([200, 209], 304), found 429
USER	Get Authorized User	END	1730584052536
USER	Get Authorized User	START	1730584052752
REQUEST		get user	1730584052752	1730584052851	KO	status.find.in([200, 209], 304), found 429
USER	Get Authorized User	END	1730584052852
USER	Get Authorized User	START	1730584053094
REQUEST		get user	1730584053093	1730584053196	KO	status.find.in([200, 209], 304), found 429
USER	Get Authorized User	END	1730584053196
USER	Get Authorized User	START	1730584053420
REQUEST		get user	1730584053420	1730584053515	KO	status.find.in([200, 209], 304), found 429
USER	Get Authorized User	END	1730584053516
USER	Get Authorized User	START	1730584053760
REQUEST		get user	1730584053759	1730584053862	KO	status.find.in([200, 209], 304), found 429
USER	Get Authorized User	END	1730584053863
